   create app/fonts/glyphicons-halflings-regular.eot
   create app/fonts/glyphicons-halflings-regular.ttf
   create app/fonts/glyphicons-halflings-regular.svg
   create app/fonts/glyphicons-halflings-regular.woff
   create app/styles/main.css
   create app/index.html
   create bower.json
   create package.json
   create Gruntfile.js
   create app/images/yeoman.png
   invoke   angular:common:/usr/local/lib/node_modules/generator-angular/app/index.js
   create     .bowerrc
   create     .editorconfig
   create     .gitattributes
   create     .jshintrc
   create     app/.buildignore
   create     app/.htaccess
   create     app/404.html
   create     app/favicon.ico
   create     app/robots.txt
   create     app/views/main.html
   create     test/.jshintrc
   create     test/runner.html
   create     .gitignore
   invoke   angular:main:/usr/local/lib/node_modules/generator-angular/app/index.js
   create     app/scripts/app.js
   invoke   angular:controller:/usr/local/lib/node_modules/generator-angular/app/index.js
   create     app/scripts/controllers/main.js
   create     test/spec/controllers/main.js
   invoke   karma:app
   create     karma.conf.js
   create     karma-e2e.conf.js
   create     .travis.yml
npm WARN package.json youtube6@0.0.0 No description
npm WARN package.json youtube6@0.0.0 No repository field.
npm WARN package.json youtube6@0.0.0 No README data
npm http GET http://registry.npmjs.org/grunt-concurrent
npm http GET http://registry.npmjs.org/grunt-contrib-connect
npm http GET http://registry.npmjs.org/grunt-contrib-clean
npm http GET http://registry.npmjs.org/grunt-contrib-copy
npm http GET http://registry.npmjs.org/grunt-contrib-coffee
npm http GET http://registry.npmjs.org/grunt-contrib-cssmin
npm http GET http://registry.npmjs.org/grunt-contrib-compass
npm http GET http://registry.npmjs.org/grunt-contrib-htmlmin
npm http GET http://registry.npmjs.org/grunt-contrib-imagemin
npm http GET http://registry.npmjs.org/grunt-contrib-jshint
npm http GET http://registry.npmjs.org/grunt-contrib-concat
npm http GET http://registry.npmjs.org/grunt-contrib-uglify
npm http GET http://registry.npmjs.org/grunt-contrib-watch
npm http GET http://registry.npmjs.org/grunt-google-cdn
npm http GET http://registry.npmjs.org/grunt-newer
npm http GET http://registry.npmjs.org/grunt-ngmin
npm http GET http://registry.npmjs.org/grunt-rev
npm http GET http://registry.npmjs.org/grunt-svgmin
npm http GET http://registry.npmjs.org/grunt-usemin
npm http GET http://registry.npmjs.org/jshint-stylish
npm http GET http://registry.npmjs.org/load-grunt-tasks
npm http GET http://registry.npmjs.org/time-grunt
npm http GET http://registry.npmjs.org/grunt
npm http GET http://registry.npmjs.org/grunt-autoprefixer
npm http GET http://registry.npmjs.org/grunt-bower-install
npm http 200 http://registry.npmjs.org/grunt-concurrent
npm http 200 http://registry.npmjs.org/grunt-contrib-copy
npm http 200 http://registry.npmjs.org/grunt-contrib-connect
npm http 200 http://registry.npmjs.org/grunt-contrib-coffee
npm http 200 http://registry.npmjs.org/grunt-contrib-clean
npm http 200 http://registry.npmjs.org/grunt-contrib-cssmin
npm http 200 http://registry.npmjs.org/grunt-contrib-htmlmin
npm http 200 http://registry.npmjs.org/grunt-contrib-compass
npm http 200 http://registry.npmjs.org/grunt-contrib-imagemin
npm http 200 http://registry.npmjs.org/grunt-contrib-jshint
npm http GET http://registry.npmjs.org/grunt-concurrent/-/grunt-concurrent-0.4.3.tgz
npm http GET http://registry.npmjs.org/grunt-contrib-copy/-/grunt-contrib-copy-0.4.1.tgz
npm http GET http://registry.npmjs.org/grunt-contrib-connect/-/grunt-contrib-connect-0.5.0.tgz
npm http 200 http://registry.npmjs.org/grunt-contrib-concat
npm http GET http://registry.npmjs.org/grunt-contrib-coffee/-/grunt-contrib-coffee-0.7.0.tgz
npm http GET http://registry.npmjs.org/grunt-contrib-clean/-/grunt-contrib-clean-0.5.0.tgz
npm http 200 http://registry.npmjs.org/grunt-contrib-uglify
npm http 200 http://registry.npmjs.org/grunt-google-cdn
npm http 200 http://registry.npmjs.org/grunt-concurrent/-/grunt-concurrent-0.4.3.tgz
npm http 200 http://registry.npmjs.org/grunt-contrib-watch
npm http GET http://registry.npmjs.org/grunt-contrib-cssmin/-/grunt-contrib-cssmin-0.7.0.tgz
npm http GET http://registry.npmjs.org/grunt-contrib-htmlmin/-/grunt-contrib-htmlmin-0.1.3.tgz
npm http 200 http://registry.npmjs.org/grunt-rev
npm http 200 http://registry.npmjs.org/grunt-svgmin
npm http 200 http://registry.npmjs.org/grunt-ngmin
npm http 200 http://registry.npmjs.org/grunt-contrib-clean/-/grunt-contrib-clean-0.5.0.tgz
npm http 200 http://registry.npmjs.org/grunt-contrib-coffee/-/grunt-contrib-coffee-0.7.0.tgz
npm http 200 http://registry.npmjs.org/grunt-newer
npm http GET http://registry.npmjs.org/grunt-contrib-compass/-/grunt-contrib-compass-0.6.0.tgz
npm http GET http://registry.npmjs.org/grunt-contrib-imagemin/-/grunt-contrib-imagemin-0.3.0.tgz
npm http 200 http://registry.npmjs.org/grunt-contrib-htmlmin/-/grunt-contrib-htmlmin-0.1.3.tgz
npm http 200 http://registry.npmjs.org/grunt-contrib-cssmin/-/grunt-contrib-cssmin-0.7.0.tgz
npm http 200 http://registry.npmjs.org/grunt-contrib-connect/-/grunt-contrib-connect-0.5.0.tgz
npm http GET http://registry.npmjs.org/grunt-contrib-jshint/-/grunt-contrib-jshint-0.7.2.tgz
npm http 200 http://registry.npmjs.org/grunt-contrib-imagemin/-/grunt-contrib-imagemin-0.3.0.tgz
npm http GET http://registry.npmjs.org/grunt-contrib-concat/-/grunt-contrib-concat-0.3.0.tgz
npm WARN package.json youtube6@0.0.0 No description
npm WARN package.json youtube6@0.0.0 No repository field.
npm WARN package.json youtube6@0.0.0 No README data
npm http 200 http://registry.npmjs.org/time-grunt
npm http 200 http://registry.npmjs.org/load-grunt-tasks
npm http 200 http://registry.npmjs.org/grunt-contrib-copy/-/grunt-contrib-copy-0.4.1.tgz
npm http GET http://registry.npmjs.org/grunt-karma
npm http GET http://registry.npmjs.org/grunt-contrib-uglify/-/grunt-contrib-uglify-0.2.7.tgz
npm http GET http://registry.npmjs.org/grunt-google-cdn/-/grunt-google-cdn-0.2.2.tgz
npm http 200 http://registry.npmjs.org/grunt-usemin
npm http GET http://registry.npmjs.org/grunt-contrib-watch/-/grunt-contrib-watch-0.5.3.tgz
npm http GET http://registry.npmjs.org/karma-ng-html2js-preprocessor
npm http GET http://registry.npmjs.org/karma-ng-scenario
npm http 200 http://registry.npmjs.org/grunt-contrib-jshint/-/grunt-contrib-jshint-0.7.2.tgz
npm http GET http://registry.npmjs.org/grunt-rev/-/grunt-rev-0.1.0.tgz
npm http GET http://registry.npmjs.org/grunt-svgmin/-/grunt-svgmin-0.2.1.tgz
npm http GET http://registry.npmjs.org/grunt-ngmin/-/grunt-ngmin-0.0.3.tgz
npm http 200 http://registry.npmjs.org/grunt-contrib-compass/-/grunt-contrib-compass-0.6.0.tgz
npm http 200 http://registry.npmjs.org/grunt-contrib-concat/-/grunt-contrib-concat-0.3.0.tgz
npm http 200 http://registry.npmjs.org/jshint-stylish
npm http GET http://registry.npmjs.org/grunt-newer/-/grunt-newer-0.5.4.tgz
npm http 200 http://registry.npmjs.org/grunt-autoprefixer
npm http 200 http://registry.npmjs.org/grunt-contrib-uglify/-/grunt-contrib-uglify-0.2.7.tgz
npm http 200 http://registry.npmjs.org/grunt-google-cdn/-/grunt-google-cdn-0.2.2.tgz
npm http GET http://registry.npmjs.org/time-grunt/-/time-grunt-0.2.9.tgz
npm http GET http://registry.npmjs.org/load-grunt-tasks/-/load-grunt-tasks-0.2.1.tgz
npm http 200 http://registry.npmjs.org/grunt-bower-install
npm http 200 http://registry.npmjs.org/grunt-ngmin/-/grunt-ngmin-0.0.3.tgz
npm http 200 http://registry.npmjs.org/grunt-contrib-watch/-/grunt-contrib-watch-0.5.3.tgz
npm http 200 http://registry.npmjs.org/karma-ng-scenario
npm http 200 http://registry.npmjs.org/grunt
npmnpm http  http200  http://registry.npmjs.org/grunt-newer/-/grunt-newer-0.5.4.tgz
GET http://registry.npmjs.org/karma-ng-scenario/-/karma-ng-scenario-0.1.0.tgz
npm http 200 http://registry.npmjs.org/karma-ng-html2js-preprocessor
npm http GET http://registry.npmjs.org/grunt-usemin/-/grunt-usemin-2.0.2.tgz
npm http GET http://registry.npmjs.org/karma-ng-html2js-preprocessor/-/karma-ng-html2js-preprocessor-0.1.0.tgz
npm http 200 http://registry.npmjs.org/time-grunt/-/time-grunt-0.2.9.tgz
npm http 200 http://registry.npmjs.org/grunt-rev/-/grunt-rev-0.1.0.tgz
npm http 200 http://registry.npmjs.org/grunt-svgmin/-/grunt-svgmin-0.2.1.tgz
npm http 200 http://registry.npmjs.org/load-grunt-tasks/-/load-grunt-tasks-0.2.1.tgz
npm http GET http://registry.npmjs.org/jshint-stylish/-/jshint-stylish-0.1.5.tgz
npm http 200 http://registry.npmjs.org/karma-ng-scenario/-/karma-ng-scenario-0.1.0.tgz
npm npm http 200 http://registry.npmjs.org/grunt-karma
http 200 http://registry.npmjs.org/grunt-usemin/-/grunt-usemin-2.0.2.tgz
npm http 200 http://registry.npmjs.org/karma-ng-html2js-preprocessor/-/karma-ng-html2js-preprocessor-0.1.0.tgz
npm http GET http://registry.npmjs.org/grunt-autoprefixer/-/grunt-autoprefixer-0.4.2.tgz
npm http GET http://registry.npmjs.org/grunt-karma/-/grunt-karma-0.6.2.tgz
npm http 200 http://registry.npmjs.org/grunt-karma/-/grunt-karma-0.6.2.tgz
npm http 200 http://registry.npmjs.org/grunt-autoprefixer/-/grunt-autoprefixer-0.4.2.tgz
npm http 200 http://registry.npmjs.org/jshint-stylish/-/jshint-stylish-0.1.5.tgz
npm http GET http://registry.npmjs.org/grunt-bower-install/-/grunt-bower-install-0.7.0.tgz
npm http GET http://registry.npmjs.org/grunt/-/grunt-0.4.2.tgz
npm http 200 http://registry.npmjs.org/grunt/-/grunt-0.4.2.tgz
npm http 200 http://registry.npmjs.org/grunt-bower-install/-/grunt-bower-install-0.7.0.tgz
npm http GET http://registry.npmjs.org/karma
npm http GET http://registry.npmjs.org/optimist
npm http 200 http://registry.npmjs.org/optimist
npm http GET http://registry.npmjs.org/optimist/-/optimist-0.6.1.tgz
npm http 200 http://registry.npmjs.org/karma
npm http GET http://registry.npmjs.org/karma/-/karma-0.10.9.tgz
npm http 200 http://registry.npmjs.org/optimist/-/optimist-0.6.1.tgz
npm http 200 http://registry.npmjs.org/karma/-/karma-0.10.9.tgz
npm http GET http://registry.npmjs.org/wordwrap
npm http GET http://registry.npmjs.org/minimist
npm http 200 http://registry.npmjs.org/minimist
npm http 200 http://registry.npmjs.org/wordwrap
npm http GET http://registry.npmjs.org/minimist/-/minimist-0.0.7.tgz
npm http GET http://registry.npmjs.org/wordwrap/-/wordwrap-0.0.2.tgz
npm http 200 http://registry.npmjs.org/wordwrap/-/wordwrap-0.0.2.tgz
npm http 200 http://registry.npmjs.org/minimist/-/minimist-0.0.7.tgz
npm http GET http://registry.npmjs.org/dateformat/1.0.2-1.2.3
npm http GET http://registry.npmjs.org/eventemitter2
npm http GET http://registry.npmjs.org/findup-sync
npm http GET http://registry.npmjs.org/glob
npm http GET http://registry.npmjs.org/hooker
npm http GET http://registry.npmjs.org/iconv-lite
npm http GET http://registry.npmjs.org/minimatch
npm http GET http://registry.npmjs.org/nopt
npm http GET http://registry.npmjs.org/rimraf
npm http GET http://registry.npmjs.org/lodash
npm http GET http://registry.npmjs.org/underscore.string
npm http GET http://registry.npmjs.org/which
npm http GET http://registry.npmjs.org/js-yaml
npm http GET http://registry.npmjs.org/exit
npm http GET http://registry.npmjs.org/getobject
npm http GET http://registry.npmjs.org/async
npm http GET http://registry.npmjs.org/coffee-script
npm http GET http://registry.npmjs.org/colors
npm http 200 http://registry.npmjs.org/findup-sync
npm http 200 http://registry.npmjs.org/eventemitter2
npm http 200 http://registry.npmjs.org/hooker
npm http GET http://registry.npmjs.org/findup-sync/-/findup-sync-0.1.2.tgz
npm http GET http://registry.npmjs.org/eventemitter2/-/eventemitter2-0.4.13.tgz
npm http GET http://registry.npmjs.org/hooker/-/hooker-0.2.3.tgz
npm http 200 http://registry.npmjs.org/nopt
npm http 200 http://registry.npmjs.org/iconv-lite
npm http 200 http://registry.npmjs.org/findup-sync/-/findup-sync-0.1.2.tgz
npm http 200 http://registry.npmjs.org/hooker/-/hooker-0.2.3.tgz
npm http 200 http://registry.npmjs.org/dateformat/1.0.2-1.2.3
npm http 200 http://registry.npmjs.org/minimatch
npm http 200 http://registry.npmjs.org/eventemitter2/-/eventemitter2-0.4.13.tgz
npm http 200 http://registry.npmjs.org/glob
npm http 200 http://registry.npmjs.org/rimraf
npm http 200 http://registry.npmjs.org/which
npm http 200 http://registry.npmjs.org/lodash
npm http GET http://registry.npmjs.org/nopt/-/nopt-1.0.10.tgz
npm http 200 http://registry.npmjs.org/exit
npm http 200 http://registry.npmjs.org/js-yaml
npm http 200 http://registry.npmjs.org/underscore.string
npm http 200 http://registry.npmjs.org/async
npm http 200 http://registry.npmjs.org/getobject
npm http 200 http://registry.npmjs.org/coffee-script
npm http 200 http://registry.npmjs.org/colors
npm http 200 http://registry.npmjs.org/nopt/-/nopt-1.0.10.tgz
npm http GET http://registry.npmjs.org/iconv-lite/-/iconv-lite-0.2.11.tgz
npm http GET http://registry.npmjs.org/minimatch/-/minimatch-0.2.14.tgz
npm http GET http://registry.npmjs.org/dateformat/-/dateformat-1.0.2-1.2.3.tgz
npm http GET http://registry.npmjs.org/glob/-/glob-3.1.21.tgz
npm http GET http://registry.npmjs.org/rimraf/-/rimraf-2.0.3.tgz
npm http GET http://registry.npmjs.org/which/-/which-1.0.5.tgz
npm http GET http://registry.npmjs.org/lodash/-/lodash-0.9.2.tgz
npm http 200 http://registry.npmjs.org/glob/-/glob-3.1.21.tgz
npm http 200 http://registry.npmjs.org/rimraf/-/rimraf-2.0.3.tgz
npm http 200 http://registry.npmjs.org/minimatch/-/minimatch-0.2.14.tgz
npm http GET http://registry.npmjs.org/exit/-/exit-0.1.2.tgz
npm http GET http://registry.npmjs.org/js-yaml/-/js-yaml-2.0.5.tgz
npm http 200 http://registry.npmjs.org/iconv-lite/-/iconv-lite-0.2.11.tgz
npm http 200 http://registry.npmjs.org/which/-/which-1.0.5.tgz
npm http GET http://registry.npmjs.org/underscore.string/-/underscore.string-2.2.1.tgz
npm http GET http://registry.npmjs.org/async/-/async-0.1.22.tgz
npm http GET http://registry.npmjs.org/getobject/-/getobject-0.1.0.tgz
npm http GET http://registry.npmjs.org/coffee-script/-/coffee-script-1.3.3.tgz
npm http 200 http://registry.npmjs.org/lodash/-/lodash-0.9.2.tgz
npm http 200 http://registry.npmjs.org/dateformat/-/dateformat-1.0.2-1.2.3.tgz
npm http 200 http://registry.npmjs.org/exit/-/exit-0.1.2.tgz
npm http 200 http://registry.npmjs.org/js-yaml/-/js-yaml-2.0.5.tgz
npmnpm  http GEThttp http://registry.npmjs.org/colors/-/colors-0.6.2.tgz
 GET http://registry.npmjs.org/globule
npm http 200 http://registry.npmjs.org/async/-/async-0.1.22.tgz
npm http GET http://registry.npmjs.org/bower
npm http GET http://registry.npmjs.org/google-cdn
npm http 200 http://registry.npmjs.org/getobject/-/getobject-0.1.0.tgz
npm http GET http://registry.npmjs.org/chalk
npm http GET http://registry.npmjs.org/svgo
npm http GET http://registry.npmjs.org/date-time
npm http GET http://registry.npmjs.org/filesize
npm http GET http://registry.npmjs.org/chalk
npm http 200 http://registry.npmjs.org/underscore.string/-/underscore.string-2.2.1.tgz
npm http 200 http://registry.npmjs.org/colors/-/colors-0.6.2.tgz
npm http GET http://registry.npmjs.org/text-table
npm http 200 http://registry.npmjs.org/coffee-script/-/coffee-script-1.3.3.tgz
npm http GET http://registry.npmjs.org/lpad
npm http 200 http://registry.npmjs.org/chalk
npm http 200 http://registry.npmjs.org/globule
npm http 200 http://registry.npmjs.org/google-cdn
npm http GET http://registry.npmjs.org/filesize
npm http GET http://registry.npmjs.org/jpegtran-bin
npm http GET http://registry.npmjs.org/optipng-bin
npm http GET http://registry.npmjs.org/gifsicle
npm http GET http://registry.npmjs.org/pngquant-bin
npm http 200 http://registry.npmjs.org/date-time
npm http 200 http://registry.npmjs.org/chalk
npm http GET http://registry.npmjs.org/autoprefixer
npm http 200 http://registry.npmjs.org/text-table
npm http 200 http://registry.npmjs.org/filesize
npm http 200 http://registry.npmjs.org/lpad
npm http GET http://registry.npmjs.org/async/-/async-0.2.10.tgz
npm http GET http://registry.npmjs.org/chalk/-/chalk-0.2.1.tgz
npm http 200 http://registry.npmjs.org/svgo
npm http GET http://registry.npmjs.org/chalk/-/chalk-0.3.0.tgz
npm http 200 http://registry.npmjs.org/filesize
npm http 200 http://registry.npmjs.org/jpegtran-bin
npm http 200 http://registry.npmjs.org/optipng-bin
npm http 200 http://registry.npmjs.org/bower
npm http GET http://registry.npmjs.org/globule/-/globule-0.1.0.tgz
npm http GET http://registry.npmjs.org/google-cdn/-/google-cdn-0.1.4.tgz
npm http 200 http://registry.npmjs.org/pngquant-bin
npm http 200 http://registry.npmjs.org/autoprefixer
npm http 200 http://registry.npmjs.org/chalk/-/chalk-0.2.1.tgz
npm http 200 http://registry.npmjs.org/gifsicle
npm http 200 http://registry.npmjs.org/chalk/-/chalk-0.3.0.tgz
npm http 200 http://registry.npmjs.org/async/-/async-0.2.10.tgz
npm http GET http://registry.npmjs.org/date-time/-/date-time-0.1.1.tgz
npm http GET http://registry.npmjs.org/chalk/-/chalk-0.4.0.tgz
npm http 200 http://registry.npmjs.org/globule/-/globule-0.1.0.tgz
npm http 200 http://registry.npmjs.org/google-cdn/-/google-cdn-0.1.4.tgz
npm http GET http://registry.npmjs.org/text-table/-/text-table-0.2.0.tgz
npm http GET http://registry.npmjs.org/filesize/-/filesize-2.0.0.tgz
npm http GET http://registry.npmjs.org/lpad/-/lpad-0.1.0.tgz
npm http GET http://registry.npmjs.org/tmp/0.0.21
npm http GET http://registry.npmjs.org/dargs
npm http 200 http://registry.npmjs.org/chalk/-/chalk-0.4.0.tgz
npm http 200 http://registry.npmjs.org/date-time/-/date-time-0.1.1.tgz
npm http GET http://registry.npmjs.org/svgo/-/svgo-0.3.7.tgz
npm http GET http://registry.npmjs.org/filesize/-/filesize-1.10.0.tgz
npm http GET http://registry.npmjs.org/jpegtran-bin/-/jpegtran-bin-0.2.3.tgz
npm http GET http://registry.npmjs.org/optipng-bin/-/optipng-bin-0.3.1.tgz
npm http 200 http://registry.npmjs.org/text-table/-/text-table-0.2.0.tgz
npm http GET http://registry.npmjs.org/bower/-/bower-0.9.2.tgz
npm http GET http://registry.npmjs.org/pngquant-bin/-/pngquant-bin-0.1.6.tgz
npm http GET http://registry.npmjs.org/ngmin
npm http GET http://registry.npmjs.org/autoprefixer/-/autoprefixer-0.8.20131213.tgz
npm http GET http://registry.npmjs.org/gifsicle/-/gifsicle-0.1.4.tgz
npm http 200 http://registry.npmjs.org/jpegtran-bin/-/jpegtran-bin-0.2.3.tgz
npm http 200 http://registry.npmjs.org/filesize/-/filesize-1.10.0.tgz
npm http 200 http://registry.npmjs.org/lpad/-/lpad-0.1.0.tgz
npm http 200 http://registry.npmjs.org/dargs
npm http 200 http://registry.npmjs.org/optipng-bin/-/optipng-bin-0.3.1.tgz
npm http 200 http://registry.npmjs.org/tmp/0.0.21
npm http 200 http://registry.npmjs.org/bower/-/bower-0.9.2.tgz
npm http 200 http://registry.npmjs.org/pngquant-bin/-/pngquant-bin-0.1.6.tgz
npm http 200 http://registry.npmjs.org/filesize/-/filesize-2.0.0.tgz
npm http 200 http://registry.npmjs.org/svgo/-/svgo-0.3.7.tgz
npm http 200 http://registry.npmjs.org/gifsicle/-/gifsicle-0.1.4.tgz
npm http 200 http://registry.npmjs.org/ngmin
npm http 200 http://registry.npmjs.org/autoprefixer/-/autoprefixer-0.8.20131213.tgz
npm http GET http://registry.npmjs.org/wiredep
npm http GET http://registry.npmjs.org/dargs/-/dargs-0.1.0.tgz
npm http GET http://registry.npmjs.org/tmp/-/tmp-0.0.21.tgz
npm http 200 http://registry.npmjs.org/tmp/-/tmp-0.0.21.tgz
npm http 200 http://registry.npmjs.org/wiredep
npm http GET http://registry.npmjs.org/ngmin/-/ngmin-0.4.1.tgz
npm http 200 http://registry.npmjs.org/dargs/-/dargs-0.1.0.tgz
npm http 200 http://registry.npmjs.org/ngmin/-/ngmin-0.4.1.tgz
npm http GET http://registry.npmjs.org/html-minifier
npm http GET http://registry.npmjs.org/grunt-lib-contrib
npm http GET http://registry.npmjs.org/wiredep/-/wiredep-0.4.2.tgz
npm http 200 http://registry.npmjs.org/html-minifier
npm http 200 http://registry.npmjs.org/wiredep/-/wiredep-0.4.2.tgz
npm http 200 http://registry.npmjs.org/grunt-lib-contrib
npm http GET http://registry.npmjs.org/html-minifier/-/html-minifier-0.5.5.tgz
npm http 200 http://registry.npmjs.org/html-minifier/-/html-minifier-0.5.5.tgz
npm http GET http://registry.npmjs.org/grunt-lib-contrib/-/grunt-lib-contrib-0.6.1.tgz
npm http 200 http://registry.npmjs.org/grunt-lib-contrib/-/grunt-lib-contrib-0.6.1.tgz
npm http GET http://registry.npmjs.org/connect
npm http GET http://registry.npmjs.org/connect-livereload
npm http GET http://registry.npmjs.org/open/0.0.4
npm http 200 http://registry.npmjs.org/open/0.0.4
npm http 200 http://registry.npmjs.org/connect-livereload
npm http GET http://registry.npmjs.org/rimraf/-/rimraf-2.2.6.tgz
npm http 200 http://registry.npmjs.org/connect
npm http 200 http://registry.npmjs.org/rimraf/-/rimraf-2.2.6.tgz
npm http GET http://registry.npmjs.org/open/-/open-0.0.4.tgz
npm http GET http://registry.npmjs.org/connect-livereload/-/connect-livereload-0.2.0.tgz
npm http 200 http://registry.npmjs.org/open/-/open-0.0.4.tgz
npm http 200 http://registry.npmjs.org/connect-livereload/-/connect-livereload-0.2.0.tgz
npm http GET http://registry.npmjs.org/connect/-/connect-2.7.11.tgz
npm http 200 http://registry.npmjs.org/connect/-/connect-2.7.11.tgz
npm http GET http://registry.npmjs.org/debug
npm http GET http://registry.npmjs.org/lodash
npm http 200 http://registry.npmjs.org/debug
npm http 304 http://registry.npmjs.org/lodash
npm http GET http://registry.npmjs.org/debug/-/debug-0.7.4.tgz
npm http GET http://registry.npmjs.org/lodash/-/lodash-1.0.1.tgz
npm http 200 http://registry.npmjs.org/lodash/-/lodash-1.0.1.tgz
npm http 200 http://registry.npmjs.org/debug/-/debug-0.7.4.tgz
npm http GET http://registry.npmjs.org/jshint
npm http 200 http://registry.npmjs.org/jshint
npm http GET http://registry.npmjs.org/http-proxy
npm http GET http://registry.npmjs.org/q
npm http GET http://registry.npmjs.org/colors/0.6.0-1
npm http GET http://registry.npmjs.org/mime
npm http GET http://registry.npmjs.org/log4js
npm http GET http://registry.npmjs.org/useragent
npm http GET http://registry.npmjs.org/graceful-fs
npm http GET http://registry.npmjs.org/di
npm http GET http://registry.npmjs.org/socket.io
npm http GET http://registry.npmjs.org/chokidar
npm http GET http://registry.npmjs.org/minimatch
npm http GET http://registry.npmjs.org/optimist
npm http GET http://registry.npmjs.org/coffee-script
npm http GET http://registry.npmjs.org/rimraf
npm http GET http://registry.npmjs.org/lodash
npm http GET http://registry.npmjs.org/connect
npm http GET http://registry.npmjs.org/glob
npm http 200 http://registry.npmjs.org/colors/0.6.0-1
npm http 200 http://registry.npmjs.org/http-proxy
npm http 200 http://registry.npmjs.org/log4js
npm http 200 http://registry.npmjs.org/mime
npm http 200 http://registry.npmjs.org/q
npm http 200 http://registry.npmjs.org/graceful-fs
npm http 200 http://registry.npmjs.org/di
npm http 304 http://registry.npmjs.org/minimatch
npm http GET http://registry.npmjs.org/jshint/-/jshint-2.3.0.tgz
npm http GET http://registry.npmjs.org/colors/-/colors-0.6.0-1.tgz
npm http 200 http://registry.npmjs.org/chokidar
npm http 304 http://registry.npmjs.org/coffee-script
npm http 304 http://registry.npmjs.org/optimist
npm http 304 http://registry.npmjs.org/rimraf
npm http 200 http://registry.npmjs.org/useragent
npm http 200 http://registry.npmjs.org/jshint/-/jshint-2.3.0.tgz
npm http GET http://registry.npmjs.org/clean-css
npm http 304 http://registry.npmjs.org/glob
npm http 304 http://registry.npmjs.org/lodash
npm http 304 http://registry.npmjs.org/connect
npm http 200 http://registry.npmjs.org/socket.io
npm http GET http://registry.npmjs.org/grunt-lib-contrib
npm http 200 http://registry.npmjs.org/clean-css
npm http 200 http://registry.npmjs.org/colors/-/colors-0.6.0-1.tgz
npm http 304 http://registry.npmjs.org/grunt-lib-contrib
npm http GET http://registry.npmjs.org/http-proxy/-/http-proxy-0.10.4.tgz
npm http GET http://registry.npmjs.org/log4js/-/log4js-0.6.10.tgz
npm http GET http://registry.npmjs.org/mime/-/mime-1.2.11.tgz
npm http GET http://registry.npmjs.org/graceful-fs/-/graceful-fs-1.2.3.tgz
npm http GET http://registry.npmjs.org/di/-/di-0.0.1.tgz
npm http GET http://registry.npmjs.org/q/-/q-0.9.7.tgz
npm http 200 http://registry.npmjs.org/http-proxy/-/http-proxy-0.10.4.tgz
npm http 200 http://registry.npmjs.org/mime/-/mime-1.2.11.tgz
npm http 200 http://registry.npmjs.org/log4js/-/log4js-0.6.10.tgz
npm http 200 http://registry.npmjs.org/di/-/di-0.0.1.tgz
npm http GET http://registry.npmjs.org/clean-css/-/clean-css-2.0.8.tgz
npm http GET http://registry.npmjs.org/coffee-script/-/coffee-script-1.6.3.tgz
npm http GET http://registry.npmjs.org/optimist/-/optimist-0.3.7.tgz
npm http 200 http://registry.npmjs.org/q/-/q-0.9.7.tgz
npm http GET http://registry.npmjs.org/chokidar/-/chokidar-0.8.1.tgz
npm http GET http://registry.npmjs.org/rimraf/-/rimraf-2.1.4.tgz
npm http 200 http://registry.npmjs.org/graceful-fs/-/graceful-fs-1.2.3.tgz
npm http GET http://registry.npmjs.org/useragent/-/useragent-2.0.7.tgz
npm http GET http://registry.npmjs.org/lodash/-/lodash-1.1.1.tgz
npm http 200 http://registry.npmjs.org/optimist/-/optimist-0.3.7.tgz
npm http GET http://registry.npmjs.org/connect/-/connect-2.8.8.tgz
npm http 200 http://registry.npmjs.org/lodash/-/lodash-1.1.1.tgz
npm http 200 http://registry.npmjs.org/coffee-script/-/coffee-script-1.6.3.tgz
npm http GET http://registry.npmjs.org/socket.io/-/socket.io-0.9.16.tgz
npm http 200 http://registry.npmjs.org/rimraf/-/rimraf-2.1.4.tgz
npm http 200 http://registry.npmjs.org/chokidar/-/chokidar-0.8.1.tgz
npm http 200 http://registry.npmjs.org/useragent/-/useragent-2.0.7.tgz
npm http 200 http://registry.npmjs.org/connect/-/connect-2.8.8.tgz
npm http 200 http://registry.npmjs.org/socket.io/-/socket.io-0.9.16.tgz
npm http 200 http://registry.npmjs.org/clean-css/-/clean-css-2.0.8.tgz
npm http GET http://registry.npmjs.org/glob
npm http GET http://registry.npmjs.org/eventemitter2
npm http GET http://registry.npmjs.org/hooker
npm http GET http://registry.npmjs.org/findup-sync
npm http GET http://registry.npmjs.org/minimatch
npm http GET http://registry.npmjs.org/nopt
npm http GET http://registry.npmjs.org/rimraf
npm http GET http://registry.npmjs.org/which
npm http GET http://registry.npmjs.org/js-yaml
npm http GET http://registry.npmjs.org/exit
npm http GET http://registry.npmjs.org/getobject
npm http GET http://registry.npmjs.org/async
npm http GET http://registry.npmjs.org/colors
npm http GET http://registry.npmjs.org/dateformat/1.0.2-1.2.3
npm http 304 http://registry.npmjs.org/minimatch
npm http 304 http://registry.npmjs.org/glob
npm http 304 http://registry.npmjs.org/findup-sync
npm http 304 http://registry.npmjs.org/eventemitter2
npm http 304 http://registry.npmjs.org/hooker
npm http 304 http://registry.npmjs.org/nopt
npm http 304 http://registry.npmjs.org/rimraf
npm http 304 http://registry.npmjs.org/which
npm http 304 http://registry.npmjs.org/js-yaml
npm http 304 http://registry.npmjs.org/exit
npm http 304 http://registry.npmjs.org/getobject
npm http 304 http://registry.npmjs.org/async
npm http 304 http://registry.npmjs.org/colors
npm http 304 http://registry.npmjs.org/dateformat/1.0.2-1.2.3
npm http GET http://registry.npmjs.org/coffee-script
npm http GET http://registry.npmjs.org/uglify-js
npm http 304 http://registry.npmjs.org/coffee-script
npm http 200 http://registry.npmjs.org/uglify-js
npm http GET http://registry.npmjs.org/uglify-js/-/uglify-js-2.4.12.tgz
npm http GET http://registry.npmjs.org/iconv-lite
npm http GET http://registry.npmjs.org/lodash
npm http GET http://registry.npmjs.org/underscore.string
npm http 200 http://registry.npmjs.org/uglify-js/-/uglify-js-2.4.12.tgz
npm http 304 http://registry.npmjs.org/lodash
npm http 304 http://registry.npmjs.org/underscore.string
npm http 304 http://registry.npmjs.org/iconv-lite
npm http GET http://registry.npmjs.org/has-color
npm http GET http://registry.npmjs.org/ansi-styles
npm http GET http://registry.npmjs.org/iconv-lite/-/iconv-lite-0.2.11.tgz
npm http 200 http://registry.npmjs.org/has-color
npm http 200 http://registry.npmjs.org/ansi-styles
npm http 200 http://registry.npmjs.org/iconv-lite/-/iconv-lite-0.2.11.tgz
npm http GET http://registry.npmjs.org/bin-wrapper
npm http GET http://registry.npmjs.org/has-color/-/has-color-0.1.4.tgz
npm http GET http://registry.npmjs.org/ansi-styles/-/ansi-styles-0.2.0.tgz
npm http 200 http://registry.npmjs.org/bin-wrapper
npm http 200 http://registry.npmjs.org/has-color/-/has-color-0.1.4.tgz
npm http 200 http://registry.npmjs.org/ansi-styles/-/ansi-styles-0.2.0.tgz
npm http GET http://registry.npmjs.org/bin-wrapper/-/bin-wrapper-0.1.9.tgz
npm http 200 http://registry.npmjs.org/bin-wrapper/-/bin-wrapper-0.1.9.tgz
npm http GET http://registry.npmjs.org/lodash
npm http GET http://registry.npmjs.org/chalk
npm http 304 http://registry.npmjs.org/chalk
npm http 304 http://registry.npmjs.org/lodash
npm http GET http://registry.npmjs.org/chalk/-/chalk-0.1.1.tgz
npm http GET http://registry.npmjs.org/lodash/-/lodash-1.3.1.tgz
npm http 200 http://registry.npmjs.org/lodash/-/lodash-1.3.1.tgz
npm http 200 http://registry.npmjs.org/chalk/-/chalk-0.1.1.tgz
npm http GET http://registry.npmjs.org/strip-ansi
npm http GET http://registry.npmjs.org/ansi-styles
npm http 200 http://registry.npmjs.org/strip-ansi
npm http 304 http://registry.npmjs.org/ansi-styles
npm http GET http://registry.npmjs.org/strip-ansi/-/strip-ansi-0.1.1.tgz
npm http GET http://registry.npmjs.org/ansi-styles/-/ansi-styles-1.0.0.tgz
npm http 200 http://registry.npmjs.org/ansi-styles/-/ansi-styles-1.0.0.tgz
npm http 200 http://registry.npmjs.org/strip-ansi/-/strip-ansi-0.1.1.tgz
npm http GET http://registry.npmjs.org/gaze
npm http GET http://registry.npmjs.org/tiny-lr/0.0.4
npm http 200 http://registry.npmjs.org/gaze
npm http 200 http://registry.npmjs.org/tiny-lr/0.0.4
npm http GET http://registry.npmjs.org/has-color
npm http 304 http://registry.npmjs.org/has-color
npm http GET http://registry.npmjs.org/gaze/-/gaze-0.4.3.tgz
npm http GET http://registry.npmjs.org/tiny-lr/-/tiny-lr-0.0.4.tgz
npm http 200 http://registry.npmjs.org/tiny-lr/-/tiny-lr-0.0.4.tgz
npm http 200 http://registry.npmjs.org/gaze/-/gaze-0.4.3.tgz
npm http GET http://registry.npmjs.org/coffee-script/-/coffee-script-1.6.3.tgz
npm http 200 http://registry.npmjs.org/coffee-script/-/coffee-script-1.6.3.tgz
npm http GET http://registry.npmjs.org/astral
npm http GET http://registry.npmjs.org/astral-angular-annotate
npm http GET http://registry.npmjs.org/escodegen
npm http GET http://registry.npmjs.org/esprima
npm http GET http://registry.npmjs.org/commander
npm http GET http://registry.npmjs.org/clone
npm http 200 http://registry.npmjs.org/astral
npm http 200 http://registry.npmjs.org/escodegen
npm http 200 http://registry.npmjs.org/esprima
npm http 200 http://registry.npmjs.org/astral-angular-annotate
npm http 200 http://registry.npmjs.org/commander
npm http 200 http://registry.npmjs.org/clone
npm http GET http://registry.npmjs.org/download
npm http GET http://registry.npmjs.org/isbin/0.0.2
npm http GET http://registry.npmjs.org/mout
npm http GET http://registry.npmjs.org/progress
npm http GET http://registry.npmjs.org/rimraf
npm http GET http://registry.npmjs.org/which
npm http 200 http://registry.npmjs.org/isbin/0.0.2
npm http 200 http://registry.npmjs.org/mout
npm http 200 http://registry.npmjs.org/progress
npm http 200 http://registry.npmjs.org/download
npm http 304 http://registry.npmjs.org/which
npm http 304 http://registry.npmjs.org/rimraf
npm http GET http://registry.npmjs.org/astral/-/astral-0.1.0.tgz
npm http GET http://registry.npmjs.org/escodegen/-/escodegen-0.0.28.tgz
npm http GET http://registry.npmjs.org/esprima/-/esprima-1.0.4.tgz
npm http GET http://registry.npmjs.org/astral-angular-annotate/-/astral-angular-annotate-0.0.2.tgz
npm http GET http://registry.npmjs.org/commander/-/commander-1.1.1.tgz
npm http GET http://registry.npmjs.org/clone/-/clone-0.1.11.tgz
npm http 200 http://registry.npmjs.org/astral-angular-annotate/-/astral-angular-annotate-0.0.2.tgz
npm http 200 http://registry.npmjs.org/escodegen/-/escodegen-0.0.28.tgz
npm http 200 http://registry.npmjs.org/astral/-/astral-0.1.0.tgz
npm http 200 http://registry.npmjs.org/clone/-/clone-0.1.11.tgz
npm http 200 http://registry.npmjs.org/esprima/-/esprima-1.0.4.tgz
npm http 200 http://registry.npmjs.org/commander/-/commander-1.1.1.tgz
npm http GET http://registry.npmjs.org/mout/-/mout-0.6.0.tgz
npm http GET http://registry.npmjs.org/progress/-/progress-1.1.3.tgz
npm http GET http://registry.npmjs.org/download/-/download-0.1.10.tgz
npm http GET http://registry.npmjs.org/isbin/-/isbin-0.0.2.tgz
npm http 200 http://registry.npmjs.org/progress/-/progress-1.1.3.tgz
npm http 200 http://registry.npmjs.org/mout/-/mout-0.6.0.tgz
npm http 200 http://registry.npmjs.org/download/-/download-0.1.10.tgz
npm http 200 http://registry.npmjs.org/isbin/-/isbin-0.0.2.tgz
npm http GET http://registry.npmjs.org/glob
npm http 304 http://registry.npmjs.org/glob
npm http GET http://registry.npmjs.org/zlib-browserify/0.0.1
npm http GET http://registry.npmjs.org/minimatch
npm http 304 http://registry.npmjs.org/minimatch
npm http GET http://registry.npmjs.org/graceful-fs
npm http 200 http://registry.npmjs.org/zlib-browserify/0.0.1
npm http GET http://registry.npmjs.org/abbrev
npm http GET http://registry.npmjs.org/lodash
npm http 304 http://registry.npmjs.org/graceful-fs
npm http GET http://registry.npmjs.org/zlib-browserify/-/zlib-browserify-0.0.1.tgz
npm http 304 http://registry.npmjs.org/lodash
npm http 200 http://registry.npmjs.org/abbrev
npm http GET http://registry.npmjs.org/graceful-fs/-/graceful-fs-1.1.14.tgz
npm http 200 http://registry.npmjs.org/zlib-browserify/-/zlib-browserify-0.0.1.tgz
npm http GET http://registry.npmjs.org/abbrev/-/abbrev-1.0.4.tgz
npm http GET http://registry.npmjs.org/lodash/-/lodash-1.0.1.tgz
npm http 200 http://registry.npmjs.org/graceful-fs/-/graceful-fs-1.1.14.tgz
npm http 200 http://registry.npmjs.org/abbrev/-/abbrev-1.0.4.tgz
npm http 200 http://registry.npmjs.org/lodash/-/lodash-1.0.1.tgz
npm http GET http://registry.npmjs.org/lru-cache
npm http GET http://registry.npmjs.org/sigmund
npm http 200 http://registry.npmjs.org/sigmund
npm http 200 http://registry.npmjs.org/lru-cache
npm http GET http://registry.npmjs.org/sigmund/-/sigmund-1.0.0.tgz
npm http GET http://registry.npmjs.org/lru-cache/-/lru-cache-2.5.0.tgz
npm http 200 http://registry.npmjs.org/sigmund/-/sigmund-1.0.0.tgz
npm http GET http://registry.npmjs.org/inherits
npm http 200 http://registry.npmjs.org/lru-cache/-/lru-cache-2.5.0.tgz
npm http 200 http://registry.npmjs.org/inherits
npm http GET http://registry.npmjs.org/inherits/-/inherits-1.0.0.tgz
npm http 200 http://registry.npmjs.org/inherits/-/inherits-1.0.0.tgz
npm http GET http://registry.npmjs.org/argparse
npm http GET http://registry.npmjs.org/esprima
npm http 304 http://registry.npmjs.org/esprima
npm http 200 http://registry.npmjs.org/argparse
npm http GET http://registry.npmjs.org/argparse/-/argparse-0.1.15.tgz
npm http 200 http://registry.npmjs.org/argparse/-/argparse-0.1.15.tgz
npm http GET http://registry.npmjs.org/commander
npm http 304 http://registry.npmjs.org/commander
npm http GET http://registry.npmjs.org/commander/-/commander-2.0.0.tgz
npm http 200 http://registry.npmjs.org/commander/-/commander-2.0.0.tgz
npm http GET http://registry.npmjs.org/qs
npm http GET http://registry.npmjs.org/faye-websocket
npm http GET http://registry.npmjs.org/noptify
npm http GET http://registry.npmjs.org/debug
npm http 200 http://registry.npmjs.org/noptify
npm http 304 http://registry.npmjs.org/debug
npm http GET http://registry.npmjs.org/noptify/-/noptify-0.0.3.tgz
npm http 200 http://registry.npmjs.org/qs
npm http 200 http://registry.npmjs.org/noptify/-/noptify-0.0.3.tgz
npm http GET http://registry.npmjs.org/qs/-/qs-0.5.6.tgz
npm http 200 http://registry.npmjs.org/faye-websocket
npm http GET http://registry.npmjs.org/faye-websocket/-/faye-websocket-0.4.4.tgz
npm http 200 http://registry.npmjs.org/qs/-/qs-0.5.6.tgz
npm http GET http://registry.npmjs.org/globule
npm http 200 http://registry.npmjs.org/faye-websocket/-/faye-websocket-0.4.4.tgz
npm http 304 http://registry.npmjs.org/globule
npm http GET http://registry.npmjs.org/wordwrap
npm http 304 http://registry.npmjs.org/wordwrap
npm http GET http://registry.npmjs.org/socket.io-client/0.9.16
npm http GET http://registry.npmjs.org/policyfile/0.0.4
npm http GETnpm http://registry.npmjs.org/glob
 http GET http://registry.npmjs.org/base64id/0.1.0
npm http GET http://registry.npmjs.org/redis/0.7.3
npm http 200 http://registry.npmjs.org/socket.io-client/0.9.16
npm http 200 http://registry.npmjs.org/base64id/0.1.0
npm http 304 http://registry.npmjs.org/glob
npm http 200 http://registry.npmjs.org/redis/0.7.3
npm http 200 http://registry.npmjs.org/policyfile/0.0.4
npm http GET http://registry.npmjs.org/socket.io-client/-/socket.io-client-0.9.16.tgz
npm http GET http://registry.npmjs.org/base64id/-/base64id-0.1.0.tgz
npm http GET http://registry.npmjs.org/redis/-/redis-0.7.3.tgz
npm http GET http://registry.npmjs.org/policyfile/-/policyfile-0.0.4.tgz
npm http 200 http://registry.npmjs.org/socket.io-client/-/socket.io-client-0.9.16.tgz
npm http 200 http://registry.npmjs.org/base64id/-/base64id-0.1.0.tgz
npm http 200 http://registry.npmjs.org/redis/-/redis-0.7.3.tgz
npm http 200 http://registry.npmjs.org/policyfile/-/policyfile-0.0.4.tgz
npm http GET http://registry.npmjs.org/readable-stream
npm http GET http://registry.npmjs.org/async/0.1.15
npm http GET http://registry.npmjs.org/semver
npm http GET http://registry.npmjs.org/pkginfo
npm http GET http://registry.npmjs.org/utile
npm http GET http://registry.npmjs.org/optimist
npm http 200 http://registry.npmjs.org/async/0.1.15
npm http 200 http://registry.npmjs.org/pkginfo
npm http GET http://registry.npmjs.org/async/-/async-0.1.15.tgz
npm http 200 http://registry.npmjs.org/readable-stream
npm http GET http://registry.npmjs.org/pkginfo/-/pkginfo-0.3.0.tgz
npm http 200 http://registry.npmjs.org/utile
npm http 200 http://registry.npmjs.org/semver
npm http 304 http://registry.npmjs.org/optimist
npm http GET http://registry.npmjs.org/readable-stream/-/readable-stream-1.0.25.tgz
npm http GET http://registry.npmjs.org/utile/-/utile-0.2.1.tgz
npm http 200 http://registry.npmjs.org/pkginfo/-/pkginfo-0.3.0.tgz
npm http 200 http://registry.npmjs.org/async/-/async-0.1.15.tgz
npm http GET http://registry.npmjs.org/semver/-/semver-1.1.4.tgz
npm http 200 http://registry.npmjs.org/readable-stream/-/readable-stream-1.0.25.tgz
npm http GET http://registry.npmjs.org/css-parse
npm http GET http://registry.npmjs.org/css-stringify
npm http 200 http://registry.npmjs.org/semver/-/semver-1.1.4.tgz
npm http 200 http://registry.npmjs.org/utile/-/utile-0.2.1.tgz
npm http 200 http://registry.npmjs.org/css-stringify
npm http 200 http://registry.npmjs.org/css-parse
npm http GET http://registry.npmjs.org/css-stringify/-/css-stringify-1.4.1.tgz
npm http GET http://registry.npmjs.org/fresh/0.2.0
npm http GET http://registry.npmjs.org/bytes/0.2.0
npm http GET http://registry.npmjs.org/pause/0.0.1
npm http GET http://registry.npmjs.org/uid2/0.0.2
npmnpm http GET http://registry.npmjs.org/css-parse/-/css-parse-1.6.0.tgz
 http GET http://registry.npmjs.org/methods/0.0.1
npm http GET http://registry.npmjs.org/qs/0.6.5
npm http GET http://registry.npmjs.org/formidable/1.0.14
npm http GET http://registry.npmjs.org/cookie-signature/1.0.1
npm http GET http://registry.npmjs.org/buffer-crc32/0.2.1
npm http GET http://registry.npmjs.org/cookie/0.1.0
npm http GET http://registry.npmjs.org/send/0.1.4
npm http 200 http://registry.npmjs.org/css-stringify/-/css-stringify-1.4.1.tgz
npm http 200 http://registry.npmjs.org/css-parse/-/css-parse-1.6.0.tgz
npm http 200 http://registry.npmjs.org/bytes/0.2.0
npm http 200 http://registry.npmjs.org/pause/0.0.1
npm http 200 http://registry.npmjs.org/methods/0.0.1
npm http 200 http://registry.npmjs.org/fresh/0.2.0
npm http GET http://registry.npmjs.org/pause/-/pause-0.0.1.tgz
npm http GET http://registry.npmjs.org/fresh/-/fresh-0.2.0.tgz
npm http GET http://registry.npmjs.org/bytes/-/bytes-0.2.0.tgz
npm http GET http://registry.npmjs.org/methods/-/methods-0.0.1.tgz
npm http 200 http://registry.npmjs.org/uid2/0.0.2
npm http 200 http://registry.npmjs.org/buffer-crc32/0.2.1
npm http 200 http://registry.npmjs.org/formidable/1.0.14
npm http 200 http://registry.npmjs.org/pause/-/pause-0.0.1.tgz
npm http 200 http://registry.npmjs.org/qs/0.6.5
npm http 200 http://registry.npmjs.org/fresh/-/fresh-0.2.0.tgz
npm http 200 http://registry.npmjs.org/cookie-signature/1.0.1
npm http GET http://registry.npmjs.org/uid2/-/uid2-0.0.2.tgz
npm http 200 http://registry.npmjs.org/bytes/-/bytes-0.2.0.tgz
npm http 200 http://registry.npmjs.org/methods/-/methods-0.0.1.tgz
npm http 200 http://registry.npmjs.org/cookie/0.1.0
npm http GET http://registry.npmjs.org/buffer-crc32/-/buffer-crc32-0.2.1.tgz
npm http 200 http://registry.npmjs.org/send/0.1.4
npm http GET http://registry.npmjs.org/qs/-/qs-0.6.5.tgz
npm http GET http://registry.npmjs.org/formidable/-/formidable-1.0.14.tgz
npm http 200 http://registry.npmjs.org/uid2/-/uid2-0.0.2.tgz
npm http GET http://registry.npmjs.org/cookie-signature/-/cookie-signature-1.0.1.tgz
npm http 200 http://registry.npmjs.org/buffer-crc32/-/buffer-crc32-0.2.1.tgz
npm http GET http://registry.npmjs.org/cookie/-/cookie-0.1.0.tgz
npm http GET http://registry.npmjs.org/send/-/send-0.1.4.tgz
npm http 200 http://registry.npmjs.org/qs/-/qs-0.6.5.tgz
npm http 200 http://registry.npmjs.org/formidable/-/formidable-1.0.14.tgz
npm http 200 http://registry.npmjs.org/cookie-signature/-/cookie-signature-1.0.1.tgz
npm http 200 http://registry.npmjs.org/cookie/-/cookie-0.1.0.tgz
npm http 200 http://registry.npmjs.org/send/-/send-0.1.4.tgz
npm http GET http://registry.npmjs.org/has-color
npm http GET http://registry.npmjs.org/ansi-styles
npm http 304 http://registry.npmjs.org/has-color
npm http 304 http://registry.npmjs.org/ansi-styles
npm http GET http://registry.npmjs.org/source-map
npm http 200 http://registry.npmjs.org/source-map
npm http GET http://registry.npmjs.org/source-map/-/source-map-0.1.32.tgz
npm http 200 http://registry.npmjs.org/source-map/-/source-map-0.1.32.tgz
npm http GET http://registry.npmjs.org/zlib-browserify/0.0.1
npm http 304 http://registry.npmjs.org/zlib-browserify/0.0.1
npm http GET http://registry.npmjs.org/lru-cache
npm http GET http://registry.npmjs.org/sigmund
npm http 304 http://registry.npmjs.org/sigmund
npm http 304 http://registry.npmjs.org/lru-cache
npm http GET http://registry.npmjs.org/deep-equal
npm http GET http://registry.npmjs.org/i
npm http GET http://registry.npmjs.org/mkdirp
npm http GET http://registry.npmjs.org/ncp
npm http GET http://registry.npmjs.org/async
npm http 200 http://registry.npmjs.org/deep-equal
npm http 200 http://registry.npmjs.org/mkdirp
npm http 200 http://registry.npmjs.org/ncp
npm http 200 http://registry.npmjs.org/i
npm http 304 http://registry.npmjs.org/async
npm http GET http://registry.npmjs.org/deep-equal/-/deep-equal-0.2.1.tgz
npm http GET http://registry.npmjs.org/mkdirp/-/mkdirp-0.3.5.tgz
npm http GET http://registry.npmjs.org/i/-/i-0.3.2.tgz
npm http 200 http://registry.npmjs.org/deep-equal/-/deep-equal-0.2.1.tgz
npm http GET http://registry.npmjs.org/ncp/-/ncp-0.4.2.tgz
npm http 200 http://registry.npmjs.org/i/-/i-0.3.2.tgz
npm http 200 http://registry.npmjs.org/mkdirp/-/mkdirp-0.3.5.tgz
npm http 200 http://registry.npmjs.org/ncp/-/ncp-0.4.2.tgz
npm http GET http://registry.npmjs.org/inherits
npm http GET http://registry.npmjs.org/minimatch
npm http GET http://registry.npmjs.org/graceful-fs
npm http GET http://registry.npmjs.org/wordwrap
npm http GET http://registry.npmjs.org/minimist
npm http 304 http://registry.npmjs.org/minimatch
npm http 304 http://registry.npmjs.org/graceful-fs
npm http 304 http://registry.npmjs.org/inherits
npm http 304 http://registry.npmjs.org/minimist
npm http 304 http://registry.npmjs.org/wordwrap
npm http GET http://registry.npmjs.org/sigmund
npm http GET http://registry.npmjs.org/lru-cache
npm http 304 http://registry.npmjs.org/sigmund
npm http 304 http://registry.npmjs.org/lru-cache
npm http GET http://registry.npmjs.org/graceful-fs
npm http GET http://registry.npmjs.org/inherits
npm http 304 http://registry.npmjs.org/inherits
npm http 304 http://registry.npmjs.org/graceful-fs
npm http GET http://registry.npmjs.org/string_decoder
npm http 200 http://registry.npmjs.org/string_decoder
npm http GET http://registry.npmjs.org/string_decoder/-/string_decoder-0.10.25-1.tgz
npm http 200 http://registry.npmjs.org/string_decoder/-/string_decoder-0.10.25-1.tgz
npm http GET http://registry.npmjs.org/lru-cache
npm http GET http://registry.npmjs.org/sigmund
npm http 304 http://registry.npmjs.org/sigmund
npm http 304 http://registry.npmjs.org/lru-cache
npm http GET http://registry.npmjs.org/esprima/-/esprima-1.0.4.tgz
npm http 200 http://registry.npmjs.org/esprima/-/esprima-1.0.4.tgz
npm http GET http://registry.npmjs.org/whet.extend
npm http GET http://registry.npmjs.org/sax
npm http GET http://registry.npmjs.org/coa
npm http GET http://registry.npmjs.org/js-yaml
npm http GET http://registry.npmjs.org/colors
npm http 200 http://registry.npmjs.org/whet.extend
npm http 304 http://registry.npmjs.org/colors
npm http 304 http://registry.npmjs.org/js-yaml
npm http 200 http://registry.npmjs.org/coa
npm http 200 http://registry.npmjs.org/sax
npm http GET http://registry.npmjs.org/whet.extend/-/whet.extend-0.9.9.tgz
npm http GET http://registry.npmjs.org/range-parser/0.0.4
npm http 200 http://registry.npmjs.org/range-parser/0.0.4
npm http GET http://registry.npmjs.org/js-yaml/-/js-yaml-3.0.1.tgz
npm http 200 http://registry.npmjs.org/whet.extend/-/whet.extend-0.9.9.tgz
npm http GET http://registry.npmjs.org/range-parser/-/range-parser-0.0.4.tgz
npm http 200 http://registry.npmjs.org/js-yaml/-/js-yaml-3.0.1.tgz
npm http GET http://registry.npmjs.org/coa/-/coa-0.3.9.tgz
npm http GET http://registry.npmjs.org/sax/-/sax-0.5.8.tgz
npm http 200 http://registry.npmjs.org/range-parser/-/range-parser-0.0.4.tgz
npm http 200 http://registry.npmjs.org/sax/-/sax-0.5.8.tgz
npm http 200 http://registry.npmjs.org/coa/-/coa-0.3.9.tgz
npm http GET http://registry.npmjs.org/graceful-fs
npm http GET http://registry.npmjs.org/inherits
npm http 304 http://registry.npmjs.org/inherits
npm http 304 http://registry.npmjs.org/graceful-fs
npm http GET http://registry.npmjs.org/uglify-to-browserify
npm http GET http://registry.npmjs.org/optimist
npm http GET http://registry.npmjs.org/async
npm http GET http://registry.npmjs.org/source-map
npm http 304 http://registry.npmjs.org/source-map
npm http 200 http://registry.npmjs.org/uglify-to-browserify
npm http 304 http://registry.npmjs.org/async
npm http 304 http://registry.npmjs.org/optimist
npm http GET http://registry.npmjs.org/uglify-to-browserify/-/uglify-to-browserify-1.0.2.tgz
npm http 200 http://registry.npmjs.org/uglify-to-browserify/-/uglify-to-browserify-1.0.2.tgz
npm http GET http://registry.npmjs.org/lru-cache
npm http 304 http://registry.npmjs.org/lru-cache
npm http GET http://registry.npmjs.org/lru-cache/-/lru-cache-2.2.4.tgz
npm http 200 http://registry.npmjs.org/lru-cache/-/lru-cache-2.2.4.tgz
npm http GET http://registry.npmjs.org/send/0.1.1
npm http GET http://registry.npmjs.org/fresh/0.1.0
npm http GET http://registry.npmjs.org/cookie/0.0.5
npm http GET http://registry.npmjs.org/bytes/0.2.0
npm http GET http://registry.npmjs.org/pause/0.0.1
npm http GET http://registry.npmjs.org/debug
npm http GET http://registry.npmjs.org/qs/0.6.5
npm http GET http://registry.npmjs.org/formidable/1.0.14
npm http GET http://registry.npmjs.org/cookie-signature/1.0.1
npm http GET http://registry.npmjs.org/buffer-crc32/0.2.1
npm http 200 http://registry.npmjs.org/send/0.1.1
npm http 200 http://registry.npmjs.org/cookie/0.0.5
npm http 200 http://registry.npmjs.org/fresh/0.1.0
npm http 304 http://registry.npmjs.org/debug
npm http 304 http://registry.npmjs.org/qs/0.6.5
npm http 304 http://registry.npmjs.org/pause/0.0.1
npm http 304 http://registry.npmjs.org/bytes/0.2.0
npm http 304 http://registry.npmjs.org/formidable/1.0.14
npm http 304 http://registry.npmjs.org/cookie-signature/1.0.1
npm http 304 http://registry.npmjs.org/buffer-crc32/0.2.1
npm http GET http://registry.npmjs.org/send/-/send-0.1.1.tgz
npm http GET http://registry.npmjs.org/cookie/-/cookie-0.0.5.tgz
npm http GET http://registry.npmjs.org/fresh/-/fresh-0.1.0.tgz
npm http 200 http://registry.npmjs.org/fresh/-/fresh-0.1.0.tgz
npm http 200 http://registry.npmjs.org/cookie/-/cookie-0.0.5.tgz
npm http 200 http://registry.npmjs.org/send/-/send-0.1.1.tgz
npm http GET http://registry.npmjs.org/graceful-fs
npm http 304 http://registry.npmjs.org/graceful-fs
npm http GET http://registry.npmjs.org/abbrev
npm http 304 http://registry.npmjs.org/abbrev
npm http GET http://registry.npmjs.org/lodash
npm http 304 http://registry.npmjs.org/lodash
npm http GET http://registry.npmjs.org/nopt
npm http 304 http://registry.npmjs.org/nopt
npm http GET http://registry.npmjs.org/lru-cache
npm http GET http://registry.npmjs.org/sigmund
npm http 304 http://registry.npmjs.org/lru-cache
npm http 304 http://registry.npmjs.org/sigmund
npm http GET http://registry.npmjs.org/nopt/-/nopt-2.0.0.tgz
npm http 200 http://registry.npmjs.org/nopt/-/nopt-2.0.0.tgz
npm http GET http://registry.npmjs.org/graceful-fs
npm http GET http://registry.npmjs.org/inherits
npm http 304 http://registry.npmjs.org/graceful-fs
npm http 304 http://registry.npmjs.org/inherits
npm http GET http://registry.npmjs.org/underscore
npm http GET http://registry.npmjs.org/underscore.string
npm http 200 http://registry.npmjs.org/underscore
npm http GET http://registry.npmjs.org/underscore/-/underscore-1.4.4.tgz
npm http 304 http://registry.npmjs.org/underscore.string
npm http GET http://registry.npmjs.org/underscore.string/-/underscore.string-2.3.3.tgz
npm http 200 http://registry.npmjs.org/underscore/-/underscore-1.4.4.tgz
npm http 200 http://registry.npmjs.org/underscore.string/-/underscore.string-2.3.3.tgz
npm http GET http://registry.npmjs.org/mime
npm http GET http://registry.npmjs.org/range-parser/0.0.4
npm http 304 http://registry.npmjs.org/range-parser/0.0.4
npm http 304 http://registry.npmjs.org/mime
npm http GET http://registry.npmjs.org/abbrev
npm http 304 http://registry.npmjs.org/abbrev
npm http GET http://registry.npmjs.org/xmlhttprequest/1.4.2
npm http GET http://registry.npmjs.org/active-x-obfuscator/0.0.1
npm http GET http://registry.npmjs.org/uglify-js/1.2.5
npm http GET http://registry.npmjs.org/ws
npm http GET http://registry.npmjs.org/wordwrap
npm http 200 http://registry.npmjs.org/xmlhttprequest/1.4.2
npm http 200 http://registry.npmjs.org/uglify-js/1.2.5
npm http GET http://registry.npmjs.org/uglify-js/-/uglify-js-1.2.5.tgz
npm http GET http://registry.npmjs.org/xmlhttprequest/-/xmlhttprequest-1.4.2.tgz
npm http 200 http://registry.npmjs.org/active-x-obfuscator/0.0.1
npm http 200 http://registry.npmjs.org/uglify-js/-/uglify-js-1.2.5.tgz
npm http 200 http://registry.npmjs.org/xmlhttprequest/-/xmlhttprequest-1.4.2.tgz
npm http GET http://registry.npmjs.org/active-x-obfuscator/-/active-x-obfuscator-0.0.1.tgz
npm http 304 http://registry.npmjs.org/wordwrap
npm http 200 http://registry.npmjs.org/ws
npm http GET http://registry.npmjs.org/ws/-/ws-0.4.31.tgz
npm http 200 http://registry.npmjs.org/active-x-obfuscator/-/active-x-obfuscator-0.0.1.tgz
npm http 200 http://registry.npmjs.org/ws/-/ws-0.4.31.tgz
npm http GET http://registry.npmjs.org/console-browserify
npm http GET http://registry.npmjs.org/shelljs
npm http GET http://registry.npmjs.org/cli
npm http GET http://registry.npmjs.org/minimatch
npm http 200 http://registry.npmjs.org/console-browserify
npm http 200 http://registry.npmjs.org/shelljs
npm http GET http://registry.npmjs.org/console-browserify/-/console-browserify-0.1.6.tgz
npm http 304 http://registry.npmjs.org/minimatch
npm http 200 http://registry.npmjs.org/cli
npm http GET http://registry.npmjs.org/shelljs/-/shelljs-0.1.4.tgz
npm http 200 http://registry.npmjs.org/console-browserify/-/console-browserify-0.1.6.tgz
npm http GET http://registry.npmjs.org/cli/-/cli-0.4.5.tgz
npm http 200 http://registry.npmjs.org/shelljs/-/shelljs-0.1.4.tgz
npm http GET http://registry.npmjs.org/amdefine
npm http 200 http://registry.npmjs.org/cli/-/cli-0.4.5.tgz
npm http 200 http://registry.npmjs.org/amdefine
npm http GET http://registry.npmjs.org/amdefine/-/amdefine-0.1.0.tgz
npm http 200 http://registry.npmjs.org/amdefine/-/amdefine-0.1.0.tgz
npm http GET http://registry.npmjs.org/keypress
npm http GET http://registry.npmjs.org/astral-pass
npm http 200 http://registry.npmjs.org/keypress
npm http GET http://registry.npmjs.org/keypress/-/keypress-0.1.0.tgz
npm http 200 http://registry.npmjs.org/astral-pass
npm http 200 http://registry.npmjs.org/keypress/-/keypress-0.1.0.tgz
npm http GET http://registry.npmjs.org/astral-pass/-/astral-pass-0.1.0.tgz
npm http GET http://registry.npmjs.org/estraverse
npm http GET http://registry.npmjs.org/zeparser/0.0.5
npm http GET http://registry.npmjs.org/source-map
npm http 200 http://registry.npmjs.org/zeparser/0.0.5
npm http GET http://registry.npmjs.org/zeparser/-/zeparser-0.0.5.tgz
npm http 304 http://registry.npmjs.org/source-map
npm http 200 http://registry.npmjs.org/zeparser/-/zeparser-0.0.5.tgz
npm http 200 http://registry.npmjs.org/estraverse
npm http GET http://registry.npmjs.org/estraverse/-/estraverse-1.3.2.tgz
npm http 200 http://registry.npmjs.org/astral-pass/-/astral-pass-0.1.0.tgz
npm http 200 http://registry.npmjs.org/estraverse/-/estraverse-1.3.2.tgz
npm http GET http://registry.npmjs.org/tinycolor
npm http GET http://registry.npmjs.org/options
npm http GET http://registry.npmjs.org/nan
npm http GET http://registry.npmjs.org/commander
npm http 304 http://registry.npmjs.org/commander
npm http 200 http://registry.npmjs.org/options
npm http 200 http://registry.npmjs.org/tinycolor
npm http GET http://registry.npmjs.org/options/-/options-0.0.5.tgz
npm http GET http://registry.npmjs.org/tinycolor/-/tinycolor-0.0.1.tgz
npm http GET http://registry.npmjs.org/commander/-/commander-0.6.1.tgz
npm http 200 http://registry.npmjs.org/options/-/options-0.0.5.tgz
npm http 200 http://registry.npmjs.org/tinycolor/-/tinycolor-0.0.1.tgz
npm http 200 http://registry.npmjs.org/commander/-/commander-0.6.1.tgz
npm http 200 http://registry.npmjs.org/nan
npm http GET http://registry.npmjs.org/nan/-/nan-0.3.2.tgz
npm http 200 http://registry.npmjs.org/nan/-/nan-0.3.2.tgz
npm http GET http://registry.npmjs.org/semver
npm http GET http://registry.npmjs.org/debug
npm http 304 http://registry.npmjs.org/semver
npm http 304 http://registry.npmjs.org/debug
npm http GET http://registry.npmjs.org/semver/-/semver-2.0.11.tgz
npm http 200 http://registry.npmjs.org/semver/-/semver-2.0.11.tgz
npm http GET http://registry.npmjs.org/amdefine
npm http 304 http://registry.npmjs.org/amdefine
npm http GET http://registry.npmjs.org/has-color
npm http GET http://registry.npmjs.org/ansi-styles
npm http 304 http://registry.npmjs.org/has-color
npm http 304 http://registry.npmjs.org/ansi-styles
npm http GET http://registry.npmjs.org/ansi-styles/-/ansi-styles-0.1.2.tgz
npm http 200 http://registry.npmjs.org/ansi-styles/-/ansi-styles-0.1.2.tgz
npm http GET http://registry.npmjs.org/sigmund
npm http GET http://registry.npmjs.org/lru-cache
npm http GET http://registry.npmjs.org/glob
npm http 304 http://registry.npmjs.org/sigmund
npm http 304 http://registry.npmjs.org/lru-cache
npm http 304 http://registry.npmjs.org/glob
npm http GET http://registry.npmjs.org/glob/-/glob-3.2.8.tgz
npm http 200 http://registry.npmjs.org/glob/-/glob-3.2.8.tgz
npm http GET http://registry.npmjs.org/q
npm http 304 http://registry.npmjs.org/q
npm http GET http://registry.npmjs.org/q/-/q-0.8.12.tgz
npm http 200 http://registry.npmjs.org/q/-/q-0.8.12.tgz
npm http GET http://registry.npmjs.org/argparse
npm http 304 http://registry.npmjs.org/argparse
npm http GET http://registry.npmjs.org/esprima
npm http 304 http://registry.npmjs.org/esprima
npm http GET http://registry.npmjs.org/underscore
npm http GET http://registry.npmjs.org/underscore.string
npm http 304 http://registry.npmjs.org/underscore
npm http 304 http://registry.npmjs.org/underscore.string
npm http GET http://registry.npmjs.org/fstream
npm http GET http://registry.npmjs.org/hogan.js
npm http GET http://registry.npmjs.org/promptly
npm http GET http://registry.npmjs.org/rc
npm http GET http://registry.npmjs.org/read-package-json
npm http GET http://registry.npmjs.org/request
npm http GET http://registry.npmjs.org/stable
npm http GET http://registry.npmjs.org/tar
npm http GET http://registry.npmjs.org/tmp
npm http GET http://registry.npmjs.org/unzip/0.1.7
npm http GET http://registry.npmjs.org/update-notifier
npm http GET http://registry.npmjs.org/archy
npm http GET http://registry.npmjs.org/glob
npm http 200 http://registry.npmjs.org/fstream
npm http GET http://registry.npmjs.org/async
npm http GET http://registry.npmjs.org/lodash
npm http GET http://registry.npmjs.org/colors
npm http GET http://registry.npmjs.org/semver
npm http GET http://registry.npmjs.org/abbrev
npm http GET http://registry.npmjs.org/mkdirp
npm http GET http://registry.npmjs.org/nopt
npm http GET http://registry.npmjs.org/rimraf
npm http 200 http://registry.npmjs.org/rc
npm http 200 http://registry.npmjs.org/promptly
npm http 200 http://registry.npmjs.org/read-package-json
npm http 200 http://registry.npmjs.org/hogan.js
npm http 200 http://registry.npmjs.org/request
npm http 200 http://registry.npmjs.org/stable
npm http 200 http://registry.npmjs.org/tar
npm http 200 http://registry.npmjs.org/unzip/0.1.7
npm http 200 http://registry.npmjs.org/update-notifier
npm http 200 http://registry.npmjs.org/archy
npm http 304 http://registry.npmjs.org/glob
npm http 304 http://registry.npmjs.org/lodash
npm http 304 http://registry.npmjs.org/colors
npm http 200 http://registry.npmjs.org/tmp
npm http 304 http://registry.npmjs.org/async
npm http 304 http://registry.npmjs.org/abbrev
npm http 304 http://registry.npmjs.org/mkdirp
npm http 304 http://registry.npmjs.org/nopt
npm http 304 http://registry.npmjs.org/semver
npm http 304 http://registry.npmjs.org/rimraf
npm http GET http://registry.npmjs.org/fstream/-/fstream-0.1.25.tgz
npm http GET http://registry.npmjs.org/rc/-/rc-0.0.8.tgz
npm http GET http://registry.npmjs.org/promptly/-/promptly-0.1.0.tgz
npm http GET http://registry.npmjs.org/read-package-json/-/read-package-json-0.1.13.tgz
npm http GET http://registry.npmjs.org/request/-/request-2.11.4.tgz
npm http GET http://registry.npmjs.org/stable/-/stable-0.1.4.tgz
npm http GET http://registry.npmjs.org/tar/-/tar-0.1.19.tgz
npm http GET http://registry.npmjs.org/hogan.js/-/hogan.js-2.0.0.tgz
npm http GET http://registry.npmjs.org/update-notifier/-/update-notifier-0.1.7.tgz
npm http GET http://registry.npmjs.org/unzip/-/unzip-0.1.7.tgz
npm http GET http://registry.npmjs.org/archy/-/archy-0.0.2.tgz
npm http GET http://registry.npmjs.org/tmp/-/tmp-0.0.23.tgz
npm http 200 http://registry.npmjs.org/rc/-/rc-0.0.8.tgz
npm http 200 http://registry.npmjs.org/fstream/-/fstream-0.1.25.tgz
npm http 200 http://registry.npmjs.org/read-package-json/-/read-package-json-0.1.13.tgz
npm http 200 http://registry.npmjs.org/promptly/-/promptly-0.1.0.tgz
npm http 200 http://registry.npmjs.org/request/-/request-2.11.4.tgz
npm http 200 http://registry.npmjs.org/stable/-/stable-0.1.4.tgz
npm http 200 http://registry.npmjs.org/tar/-/tar-0.1.19.tgz
npm http 200 http://registry.npmjs.org/hogan.js/-/hogan.js-2.0.0.tgz
npm http 200 http://registry.npmjs.org/update-notifier/-/update-notifier-0.1.7.tgz
npm http 200 http://registry.npmjs.org/unzip/-/unzip-0.1.7.tgz
npm http 200 http://registry.npmjs.org/archy/-/archy-0.0.2.tgz
npm http 200 http://registry.npmjs.org/tmp/-/tmp-0.0.23.tgz
npm http GET http://registry.npmjs.org/inherits
npm http 304 http://registry.npmjs.org/inherits
npm http GET http://registry.npmjs.org/inherits/-/inherits-2.0.1.tgz
npm http 200 http://registry.npmjs.org/inherits/-/inherits-2.0.1.tgz
npm http GET http://registry.npmjs.org/karma-coffee-preprocessor
npm http GET http://registry.npmjs.org/karma-html2js-preprocessor
npm http GET http://registry.npmjs.org/karma-chrome-launcher
npm http GET http://registry.npmjs.org/karma-firefox-launcher
npm http GET http://registry.npmjs.org/karma-phantomjs-launcher
npm http GET http://registry.npmjs.org/karma-script-launcher
npm http GET http://registry.npmjs.org/karma-jasmine
npm http GET http://registry.npmjs.org/karma-requirejs
npm http 200 http://registry.npmjs.org/karma-html2js-preprocessor
npm http 200 http://registry.npmjs.org/karma-chrome-launcher
npm http 200 http://registry.npmjs.org/karma-coffee-preprocessor
npm http GET http://registry.npmjs.org/karma-html2js-preprocessor/-/karma-html2js-preprocessor-0.1.0.tgz
npm http 200 http://registry.npmjs.org/karma-phantomjs-launcher
npm http GET http://registry.npmjs.org/karma-chrome-launcher/-/karma-chrome-launcher-0.1.2.tgz
npm http GET http://registry.npmjs.org/karma-coffee-preprocessor/-/karma-coffee-preprocessor-0.1.3.tgz
npm http GET http://registry.npmjs.org/karma-phantomjs-launcher/-/karma-phantomjs-launcher-0.1.2.tgz
npm http 200 http://registry.npmjs.org/karma-html2js-preprocessor/-/karma-html2js-preprocessor-0.1.0.tgz
npm http 200 http://registry.npmjs.org/karma-script-launcher
npm http 200 http://registry.npmjs.org/karma-chrome-launcher/-/karma-chrome-launcher-0.1.2.tgz
npm http 200 http://registry.npmjs.org/karma-coffee-preprocessor/-/karma-coffee-preprocessor-0.1.3.tgz
npm http 200 http://registry.npmjs.org/karma-requirejs
npm http 200 http://registry.npmjs.org/karma-jasmine
npm http 200 http://registry.npmjs.org/karma-phantomjs-launcher/-/karma-phantomjs-launcher-0.1.2.tgz
npm http 200 http://registry.npmjs.org/karma-firefox-launcher
npm http GET http://registry.npmjs.org/karma-script-launcher/-/karma-script-launcher-0.1.0.tgz
npm http GET http://registry.npmjs.org/karma-requirejs/-/karma-requirejs-0.2.1.tgz
npm http GET http://registry.npmjs.org/karma-jasmine/-/karma-jasmine-0.1.5.tgz
npm http GET http://registry.npmjs.org/karma-firefox-launcher/-/karma-firefox-launcher-0.1.3.tgz
npm http 200 http://registry.npmjs.org/karma-jasmine/-/karma-jasmine-0.1.5.tgz
npm http 200 http://registry.npmjs.org/karma-requirejs/-/karma-requirejs-0.2.1.tgz
npm http 200 http://registry.npmjs.org/karma-script-launcher/-/karma-script-launcher-0.1.0.tgz
npm http 200 http://registry.npmjs.org/karma-firefox-launcher/-/karma-firefox-launcher-0.1.3.tgz
npm http GET http://registry.npmjs.org/phantomjs
npm http GET http://registry.npmjs.org/requirejs
npm http GET http://registry.npmjs.org/coffee-script
npm http GET http://registry.npmjs.org/decompress
npm http GET http://registry.npmjs.org/each-async
npm http GET http://registry.npmjs.org/through2
npm http GET http://registry.npmjs.org/mkdirp
npm http GET http://registry.npmjs.org/request
npm http 200 http://registry.npmjs.org/phantomjs
npm http 304 http://registry.npmjs.org/mkdirp
npm http 304 http://registry.npmjs.org/coffee-script
npm http 304 http://registry.npmjs.org/request
npm http 200 http://registry.npmjs.org/decompress
npm http GET http://registry.npmjs.org/coffee-script/-/coffee-script-1.7.1.tgz
npm http GET http://registry.npmjs.org/phantomjs/-/phantomjs-1.9.7-1.tgz
npm http 200 http://registry.npmjs.org/requirejs
npm http 200 http://registry.npmjs.org/coffee-script/-/coffee-script-1.7.1.tgz
npm http GET http://registry.npmjs.org/requirejs/-/requirejs-2.1.11.tgz
npm http GET http://registry.npmjs.org/request/-/request-2.31.0.tgz
npm http GET http://registry.npmjs.org/decompress/-/decompress-0.1.6.tgz
npm http 200 http://registry.npmjs.org/through2
npm http GET http://registry.npmjs.org/async/0.1.22
npm http 200 http://registry.npmjs.org/requirejs/-/requirejs-2.1.11.tgz
npm http 200 http://registry.npmjs.org/phantomjs/-/phantomjs-1.9.7-1.tgz
npm http GET http://registry.npmjs.org/through2/-/through2-0.4.1.tgz
npm http 200 http://registry.npmjs.org/decompress/-/decompress-0.1.6.tgz
npm http 200 http://registry.npmjs.org/request/-/request-2.31.0.tgz
npm http 200 http://registry.npmjs.org/through2/-/through2-0.4.1.tgz
npm http 200 http://registry.npmjs.org/each-async
npm http 200 http://registry.npmjs.org/async/0.1.22
npm http GET http://registry.npmjs.org/each-async/-/each-async-0.1.2.tgz
npm http GET http://registry.npmjs.org/async/-/async-0.1.22.tgz
npm http 200 http://registry.npmjs.org/each-async/-/each-async-0.1.2.tgz
npm http 200 http://registry.npmjs.org/async/-/async-0.1.22.tgz
npm http GET http://registry.npmjs.org/npmconf/0.0.24
npm http GET http://registry.npmjs.org/adm-zip/0.2.1
npm http GET http://registry.npmjs.org/kew
npm http GET http://registry.npmjs.org/mkdirp/0.3.5
npm http GET http://registry.npmjs.org/ncp/0.4.2
npm http GET http://registry.npmjs.org/rimraf
npm http 200 http://registry.npmjs.org/npmconf/0.0.24
npm http 200 http://registry.npmjs.org/adm-zip/0.2.1
npm http 200 http://registry.npmjs.org/mkdirp/0.3.5
npm http GET http://registry.npmjs.org/mkdirp/-/mkdirp-0.3.5.tgz
npm http 200 http://registry.npmjs.org/kew
npm http GET http://registry.npmjs.org/npmconf/-/npmconf-0.0.24.tgz
npm http GET http://registry.npmjs.org/adm-zip/-/adm-zip-0.2.1.tgz
npm http GET http://registry.npmjs.org/kew/-/kew-0.1.7.tgz
npm http 200 http://registry.npmjs.org/ncp/0.4.2
npm http GET http://registry.npmjs.org/ncp/-/ncp-0.4.2.tgz
npm http 200 http://registry.npmjs.org/npmconf/-/npmconf-0.0.24.tgz
npm http 200 http://registry.npmjs.org/kew/-/kew-0.1.7.tgz
npm http 200 http://registry.npmjs.org/ncp/-/ncp-0.4.2.tgz
npm http 304 http://registry.npmjs.org/rimraf
npm http 200 http://registry.npmjs.org/mkdirp/-/mkdirp-0.3.5.tgz
npm http 200 http://registry.npmjs.org/adm-zip/-/adm-zip-0.2.1.tgz
npm http GET http://registry.npmjs.org/which
npm http 304 http://registry.npmjs.org/which
npm http GET http://registry.npmjs.org/adm-zip
npm http GET http://registry.npmjs.org/stream-combiner
npm http GET http://registry.npmjs.org/tempfile
npm http GET http://registry.npmjs.org/tar
npm http 200 http://registry.npmjs.org/stream-combiner
npm http 200 http://registry.npmjs.org/adm-zip
npm http 304 http://registry.npmjs.org/tar
npm http 200 http://registry.npmjs.org/tempfile
npm http GET http://registry.npmjs.org/osenv/0.0.3
npm http GET http://registry.npmjs.org/ini
npm http GET http://registry.npmjs.org/config-chain
npm http GET http://registry.npmjs.org/once
npm http GET http://registry.npmjs.org/nopt
npm http GET http://registry.npmjs.org/semver
npm http GET http://registry.npmjs.org/inherits
npm http 200 http://registry.npmjs.org/osenv/0.0.3
npm http 200 http://registry.npmjs.org/ini
npm http 304 http://registry.npmjs.org/nopt
npm http 200 http://registry.npmjs.org/once
npm http 304 http://registry.npmjs.org/semver
npm http 304 http://registry.npmjs.org/inherits
npm http GET http://registry.npmjs.org/osenv/-/osenv-0.0.3.tgz
npm http 200 http://registry.npmjs.org/config-chain
npm http GET http://registry.npmjs.org/adm-zip/-/adm-zip-0.4.4.tgz
npm http GET http://registry.npmjs.org/stream-combiner/-/stream-combiner-0.0.4.tgz
npm http GET http://registry.npmjs.org/tempfile/-/tempfile-0.1.2.tgz
npm http 200 http://registry.npmjs.org/osenv/-/osenv-0.0.3.tgz
npm http 200 http://registry.npmjs.org/adm-zip/-/adm-zip-0.4.4.tgz
npm http 200 http://registry.npmjs.org/tempfile/-/tempfile-0.1.2.tgz
npm http GET http://registry.npmjs.org/nopt/-/nopt-2.2.0.tgz
npm http GET http://registry.npmjs.org/once/-/once-1.1.1.tgz
npm http GET http://registry.npmjs.org/ini/-/ini-1.1.0.tgz
npm http GET http://registry.npmjs.org/config-chain/-/config-chain-1.1.8.tgz
npm http 200 http://registry.npmjs.org/nopt/-/nopt-2.2.0.tgz
npm http 200 http://registry.npmjs.org/once/-/once-1.1.1.tgz
npm http 200 http://registry.npmjs.org/stream-combiner/-/stream-combiner-0.0.4.tgz
npm http 200 http://registry.npmjs.org/ini/-/ini-1.1.0.tgz
npm http 200 http://registry.npmjs.org/config-chain/-/config-chain-1.1.8.tgz
npm http GET http://registry.npmjs.org/xtend
npm http GET http://registry.npmjs.org/readable-stream
npm http 200 http://registry.npmjs.org/xtend
npm http 304 http://registry.npmjs.org/readable-stream
npm http GET http://registry.npmjs.org/xtend/-/xtend-2.1.2.tgz
npm http GET http://registry.npmjs.org/tar
npm http 200 http://registry.npmjs.org/xtend/-/xtend-2.1.2.tgz
npm http 304 http://registry.npmjs.org/tar
npm http GET http://registry.npmjs.org/abbrev
npm http GET http://registry.npmjs.org/proto-list
npm http 200 http://registry.npmjs.org/proto-list
npm http 304 http://registry.npmjs.org/abbrev
npm http GET http://registry.npmjs.org/json-stringify-safe
npm http GET http://registry.npmjs.org/forever-agent
npm http GET http://registry.npmjs.org/proto-list/-/proto-list-1.2.2.tgz
npm http GET http://registry.npmjs.org/node-uuid
npm http GET http://registry.npmjs.org/tough-cookie
npm http GET http://registry.npmjs.org/form-data
npm http GET http://registry.npmjs.org/tunnel-agent
npm http GET http://registry.npmjs.org/http-signature
npm http GET http://registry.npmjs.org/oauth-sign
npm http GET http://registry.npmjs.org/hawk
npm http GET http://registry.npmjs.org/aws-sign2
npm http 200 http://registry.npmjs.org/proto-list/-/proto-list-1.2.2.tgz
npm http GET http://registry.npmjs.org/mime
npm http GET http://registry.npmjs.org/qs
npm http 200 http://registry.npmjs.org/forever-agent
npm http 200 http://registry.npmjs.org/json-stringify-safe
npm http 200 http://registry.npmjs.org/node-uuid
npm http 200 http://registry.npmjs.org/tunnel-agent
npm http 200 http://registry.npmjs.org/http-signature
npm http 200 http://registry.npmjs.org/oauth-sign
npm http 200 http://registry.npmjs.org/form-data
npm http 304 http://registry.npmjs.org/mime
npm http 200 http://registry.npmjs.org/aws-sign2
npm http 304 http://registry.npmjs.org/qs
npm http GET http://registry.npmjs.org/mkdirp
npm http 200 http://registry.npmjs.org/tough-cookie
npm http 304 http://registry.npmjs.org/mkdirp
npm http GET http://registry.npmjs.org/forever-agent/-/forever-agent-0.5.2.tgz
npm http GET http://registry.npmjs.org/json-stringify-safe/-/json-stringify-safe-5.0.0.tgz
npm http GET http://registry.npmjs.org/node-uuid/-/node-uuid-1.4.1.tgz
npm http GET http://registry.npmjs.org/tunnel-agent/-/tunnel-agent-0.3.0.tgz
npm http GET http://registry.npmjs.org/http-signature/-/http-signature-0.10.0.tgz
npm http GET http://registry.npmjs.org/oauth-sign/-/oauth-sign-0.3.0.tgz
npm http GET http://registry.npmjs.org/form-data/-/form-data-0.1.2.tgz
npm http GET http://registry.npmjs.org/qs/-/qs-0.6.6.tgz
npm http GET http://registry.npmjs.org/aws-sign2/-/aws-sign2-0.5.0.tgz
npm http 200 http://registry.npmjs.org/json-stringify-safe/-/json-stringify-safe-5.0.0.tgz
npm http 200 http://registry.npmjs.org/http-signature/-/http-signature-0.10.0.tgz
npm http 200 http://registry.npmjs.org/node-uuid/-/node-uuid-1.4.1.tgz
npm http 200 http://registry.npmjs.org/tunnel-agent/-/tunnel-agent-0.3.0.tgz
npm http 200 http://registry.npmjs.org/oauth-sign/-/oauth-sign-0.3.0.tgz
npm http 200 http://registry.npmjs.org/forever-agent/-/forever-agent-0.5.2.tgz
npm http 200 http://registry.npmjs.org/form-data/-/form-data-0.1.2.tgz
npm http 200 http://registry.npmjs.org/qs/-/qs-0.6.6.tgz
npm http 200 http://registry.npmjs.org/aws-sign2/-/aws-sign2-0.5.0.tgz
npm http GET http://registry.npmjs.org/tough-cookie/-/tough-cookie-0.9.15.tgz
npm http GET http://registry.npmjs.org/readable-stream
npm http 200 http://registry.npmjs.org/hawk
npm http 200 http://registry.npmjs.org/tough-cookie/-/tough-cookie-0.9.15.tgz
npm http 304 http://registry.npmjs.org/readable-stream
npm http GET http://registry.npmjs.org/hawk/-/hawk-1.0.0.tgz
npm http 200 http://registry.npmjs.org/hawk/-/hawk-1.0.0.tgz
npm http GET http://registry.npmjs.org/readable-stream
npm http 304 http://registry.npmjs.org/readable-stream
npm http GET http://registry.npmjs.org/mime
npm http GET http://registry.npmjs.org/json-stringify-safe
npm http 304 http://registry.npmjs.org/mime
npm http 304 http://registry.npmjs.org/json-stringify-safe
npm http GET http://registry.npmjs.org/object-keys
npm http GET http://registry.npmjs.org/readable-stream
npm http GET http://registry.npmjs.org/xtend
npm http 200 http://registry.npmjs.org/object-keys
npm http 304 http://registry.npmjs.org/xtend
npm http 304 http://registry.npmjs.org/readable-stream
npm http GET http://registry.npmjs.org/object-keys/-/object-keys-0.4.0.tgz
npm http 200 http://registry.npmjs.org/object-keys/-/object-keys-0.4.0.tgz
npm http GET http://registry.npmjs.org/mime
npm http GET http://registry.npmjs.org/form-data
npm http GET http://registry.npmjs.org/tunnel-agent
npm http GET http://registry.npmjs.org/oauth-sign
npm http GET http://registry.npmjs.org/aws-sign2
npm http GET http://registry.npmjs.org/qs
npm http GET http://registry.npmjs.org/json-stringify-safe
npm http GET http://registry.npmjs.org/forever-agent
npm http 304 http://registry.npmjs.org/mime
npm http 304 http://registry.npmjs.org/aws-sign2
npm http 304 http://registry.npmjs.org/form-data
npm http 304 http://registry.npmjs.org/oauth-sign
npm http 304 http://registry.npmjs.org/tunnel-agent
npm http 304 http://registry.npmjs.org/qs
npm http 304 http://registry.npmjs.org/json-stringify-safe
npm http 304 http://registry.npmjs.org/forever-agent
npm http GET http://registry.npmjs.org/string_decoder
npm http 304 http://registry.npmjs.org/string_decoder
npm http GET http://registry.npmjs.org/forever-agent
npm http GET http://registry.npmjs.org/node-uuid
npm http GET http://registry.npmjs.org/mime
npm http GET http://registry.npmjs.org/form-data
npm http GET http://registry.npmjs.org/tunnel-agent
npm http GET http://registry.npmjs.org/http-signature
npm http GET http://registry.npmjs.org/oauth-sign
npm http GET http://registry.npmjs.org/aws-sign2
npm http GET http://registry.npmjs.org/qs
npm http GET http://registry.npmjs.org/json-stringify-safe
npm http 304 http://registry.npmjs.org/node-uuid
npm http 304 http://registry.npmjs.org/mime
npm http 304 http://registry.npmjs.org/forever-agent
npm http 304 http://registry.npmjs.org/tunnel-agent
npm http 304 http://registry.npmjs.org/form-data
npm http 304 http://registry.npmjs.org/http-signature
npm http 304 http://registry.npmjs.org/oauth-sign
npm http 304 http://registry.npmjs.org/aws-sign2
npm http 304 http://registry.npmjs.org/qs
npm http 304 http://registry.npmjs.org/json-stringify-safe
npm http GET http://registry.npmjs.org/string_decoder
npm http 304 http://registry.npmjs.org/string_decoder
npm http GET http://registry.npmjs.org/string_decoder
npm http 304 http://registry.npmjs.org/string_decoder
npm http GET http://registry.npmjs.org/uuid
npm http GET http://registry.npmjs.org/duplexer
npm http 200 http://registry.npmjs.org/uuid
npm http GET http://registry.npmjs.org/uuid/-/uuid-1.4.1.tgz
npm http 200 http://registry.npmjs.org/duplexer
npm http GET http://registry.npmjs.org/duplexer/-/duplexer-0.1.1.tgz
npm http 200 http://registry.npmjs.org/uuid/-/uuid-1.4.1.tgz
npm http 200 http://registry.npmjs.org/duplexer/-/duplexer-0.1.1.tgz
npm http GET http://registry.npmjs.org/block-stream
npm http GET http://registry.npmjs.org/fstream
npm http GET http://registry.npmjs.org/inherits
npm http 304 http://registry.npmjs.org/inherits
npm http 304 http://registry.npmjs.org/fstream
npm http 200 http://registry.npmjs.org/block-stream
npm http GET http://registry.npmjs.org/block-stream/-/block-stream-0.0.7.tgz
npm http 200 http://registry.npmjs.org/block-stream/-/block-stream-0.0.7.tgz
npm http GET http://registry.npmjs.org/combined-stream
npm http GET http://registry.npmjs.org/async
npm http 200 http://registry.npmjs.org/combined-stream
npm http 304 http://registry.npmjs.org/async
npm http GET http://registry.npmjs.org/combined-stream/-/combined-stream-0.0.4.tgz
npm http GET http://registry.npmjs.org/assert-plus/0.1.2
npm http GET http://registry.npmjs.org/asn1/0.1.11
npm http GET http://registry.npmjs.org/ctype/0.5.2
npm http 200 http://registry.npmjs.org/combined-stream/-/combined-stream-0.0.4.tgz
npm http 200 http://registry.npmjs.org/asn1/0.1.11
npm http 200 http://registry.npmjs.org/assert-plus/0.1.2
npm http 200 http://registry.npmjs.org/ctype/0.5.2
npm http GET http://registry.npmjs.org/asn1/-/asn1-0.1.11.tgz
npm http GET http://registry.npmjs.org/assert-plus/-/assert-plus-0.1.2.tgz
npm http GET http://registry.npmjs.org/ctype/-/ctype-0.5.2.tgz
npm http 200 http://registry.npmjs.org/assert-plus/-/assert-plus-0.1.2.tgz
npm http 200 http://registry.npmjs.org/ctype/-/ctype-0.5.2.tgz
npm http 200 http://registry.npmjs.org/asn1/-/asn1-0.1.11.tgz
npm http GET http://registry.npmjs.org/config-chain
npm http 304 http://registry.npmjs.org/config-chain
npm http GET http://registry.npmjs.org/configstore
npm http GET http://registry.npmjs.org/request
npm http GET http://registry.npmjs.org/config-chain/-/config-chain-0.3.4.tgz
npm http GET http://registry.npmjs.org/semver
npm http GET http://registry.npmjs.org/optimist
npm http GET http://registry.npmjs.org/chalk
npm http 200 http://registry.npmjs.org/config-chain/-/config-chain-0.3.4.tgz
npm http 304 http://registry.npmjs.org/request
npm http 200 http://registry.npmjs.org/configstore
npm http 304 http://registry.npmjs.org/semver
npm http 304 http://registry.npmjs.org/optimist
npm http 304 http://registry.npmjs.org/chalk
npm http GET http://registry.npmjs.org/graceful-fs
npm http GET http://registry.npmjs.org/request/-/request-2.27.0.tgz
npm http GET http://registry.npmjs.org/configstore/-/configstore-0.1.7.tgz
npm http GET http://registry.npmjs.org/semver/-/semver-2.1.0.tgz
npm http GET http://registry.npmjs.org/read
npm http 200 http://registry.npmjs.org/request/-/request-2.27.0.tgz
npm http 200 http://registry.npmjs.org/configstore/-/configstore-0.1.7.tgz
npm http 200 http://registry.npmjs.org/semver/-/semver-2.1.0.tgz
npm http 304 http://registry.npmjs.org/graceful-fs
npm http 200 http://registry.npmjs.org/read
npm http GET http://registry.npmjs.org/read/-/read-1.0.5.tgz
npm http GET http://registry.npmjs.org/slide
npm http GET http://registry.npmjs.org/npmlog
npm http 200 http://registry.npmjs.org/read/-/read-1.0.5.tgz
npm http GET http://registry.npmjs.org/lru-cache
npm http 200 http://registry.npmjs.org/slide
npm http 304 http://registry.npmjs.org/lru-cache
npm http 200 http://registry.npmjs.org/npmlog
npm http GET http://registry.npmjs.org/slide/-/slide-1.1.5.tgz
npm http GET http://registry.npmjs.org/lru-cache/-/lru-cache-2.0.4.tgz
npm http GET http://registry.npmjs.org/npmlog/-/npmlog-0.0.6.tgz
npm http 200 http://registry.npmjs.org/slide/-/slide-1.1.5.tgz
npm http 200 http://registry.npmjs.org/lru-cache/-/lru-cache-2.0.4.tgz
npm http 200 http://registry.npmjs.org/npmlog/-/npmlog-0.0.6.tgz
npm WARN unmet dependency /home/ubuntu/youtube_6/node_modules/grunt-google-cdn/node_modules/bower/node_modules/update-notifier requires request@'~2.27.0' but will load
npm WARN unmet dependency /home/ubuntu/youtube_6/node_modules/grunt-google-cdn/node_modules/bower/node_modules/request,
npm WARN unmet dependency which is version 2.11.4
npm WARN unmet dependency /home/ubuntu/youtube_6/node_modules/grunt-google-cdn/node_modules/bower/node_modules/update-notifier requires semver@'~2.1.0' but will load
npm WARN unmet dependency /home/ubuntu/youtube_6/node_modules/grunt-google-cdn/node_modules/bower/node_modules/semver,
npm WARN unmet dependency which is version 1.1.4
npm WARN unmet dependency /home/ubuntu/youtube_6/node_modules/grunt-contrib-imagemin/node_modules/gifsicle/node_modules/bin-wrapper/node_modules/download/node_modules/request/node_modules/form-data requires mime@'~1.2.11' but will load
npm WARN unmet dependency undefined,
npm WARN unmet dependency which is version undefined
npm WARN unmet dependency /home/ubuntu/youtube_6/node_modules/grunt-contrib-imagemin/node_modules/pngquant-bin/node_modules/bin-wrapper/node_modules/download/node_modules/decompress requires mout@'~0.6.0' but will load
npm WARN unmet dependency undefined,
npm WARN unmet dependency which is version undefined
npm http GET http://registry.npmjs.org/minimatch
npm http GET http://registry.npmjs.org/pullstream
npm http GET http://registry.npmjs.org/binary
npm http GET http://registry.npmjs.org/setimmediate
npm http GET http://registry.npmjs.org/match-stream/0.0.1
npm http GET http://registry.npmjs.org/punycode
npm http GET http://registry.npmjs.org/readable-stream
npm http 304 http://registry.npmjs.org/minimatch
npm http GET http://registry.npmjs.org/graceful-fs/-/graceful-fs-2.0.2.tgz
npm http 200 http://registry.npmjs.org/setimmediate
npm http 200 http://registry.npmjs.org/graceful-fs/-/graceful-fs-2.0.2.tgz
npm http 200 http://registry.npmjs.org/punycode
npm http 200 http://registry.npmjs.org/binary
npm http 200 http://registry.npmjs.org/match-stream/0.0.1
npm http 200 http://registry.npmjs.org/pullstream
npm http 304 http://registry.npmjs.org/readable-stream
npm http GET http://registry.npmjs.org/setimmediate/-/setimmediate-1.0.1.tgz
npm http GET http://registry.npmjs.org/punycode/-/punycode-1.2.4.tgz
npm http GET http://registry.npmjs.org/binary/-/binary-0.3.0.tgz
npm http GET http://registry.npmjs.org/match-stream/-/match-stream-0.0.1.tgz
npm http GET http://registry.npmjs.org/pullstream/-/pullstream-0.4.0.tgz
npm http 200 http://registry.npmjs.org/setimmediate/-/setimmediate-1.0.1.tgz
npm http 200 http://registry.npmjs.org/punycode/-/punycode-1.2.4.tgz
npm http 200 http://registry.npmjs.org/binary/-/binary-0.3.0.tgz
npm http 200 http://registry.npmjs.org/match-stream/-/match-stream-0.0.1.tgz
npm http 200 http://registry.npmjs.org/pullstream/-/pullstream-0.4.0.tgz
npm http GET http://registry.npmjs.org/hoek
npm http GET http://registry.npmjs.org/boom
npm http GET http://registry.npmjs.org/cryptiles
npm http GET http://registry.npmjs.org/sntp
npm http 200 http://registry.npmjs.org/sntp
npm http 200 http://registry.npmjs.org/cryptiles
npm http 200 http://registry.npmjs.org/boom
npm http GET http://registry.npmjs.org/sntp/-/sntp-0.2.4.tgz
npm http GET http://registry.npmjs.org/cryptiles/-/cryptiles-0.2.2.tgz
npm http GET http://registry.npmjs.org/boom/-/boom-0.4.2.tgz
npm http 200 http://registry.npmjs.org/boom/-/boom-0.4.2.tgz
npm http 200 http://registry.npmjs.org/cryptiles/-/cryptiles-0.2.2.tgz
npm http 200 http://registry.npmjs.org/sntp/-/sntp-0.2.4.tgz
npm http 200 http://registry.npmjs.org/hoek
npm http GET http://registry.npmjs.org/hoek/-/hoek-0.9.1.tgz
npm http 200 http://registry.npmjs.org/hoek/-/hoek-0.9.1.tgz
npm http GET http://registry.npmjs.org/proto-list
npm http GET http://registry.npmjs.org/ini
npm http 304 http://registry.npmjs.org/proto-list
npm http 304 http://registry.npmjs.org/ini
npm http GET http://registry.npmjs.org/ini/-/ini-1.0.5.tgz
npm http GET http://registry.npmjs.org/inherits
npm http GET http://registry.npmjs.org/block-stream
npm http GET http://registry.npmjs.org/fstream
npm http 200 http://registry.npmjs.org/ini/-/ini-1.0.5.tgz
npm http 304 http://registry.npmjs.org/fstream
npm http 304 http://registry.npmjs.org/block-stream
npm http 304 http://registry.npmjs.org/inherits
npm http GET http://registry.npmjs.org/ansi
npm http 200 http://registry.npmjs.org/ansi
npm http GET http://registry.npmjs.org/graceful-fs
npm http GET http://registry.npmjs.org/mute-stream
npm http GET http://registry.npmjs.org/lru-cache
npm http 304 http://registry.npmjs.org/graceful-fs
npm http GET http://registry.npmjs.org/sigmund
npm http 200 http://registry.npmjs.org/mute-stream
npm http GET http://registry.npmjs.org/ansi/-/ansi-0.2.1.tgz
npm http 304 http://registry.npmjs.org/lru-cache
npm http 304 http://registry.npmjs.org/sigmund
npm http 200 http://registry.npmjs.org/ansi/-/ansi-0.2.1.tgz
npm http GET http://registry.npmjs.org/mute-stream/-/mute-stream-0.0.4.tgz
npm http 200 http://registry.npmjs.org/mute-stream/-/mute-stream-0.0.4.tgz
npm http GET http://registry.npmjs.org/wordwrap
npm http 304 http://registry.npmjs.org/wordwrap
npm http GET http://registry.npmjs.org/punycode
npm http 304 http://registry.npmjs.org/punycode
npm http GET http://registry.npmjs.org/delayed-stream/0.0.5
npm http 200 http://registry.npmjs.org/delayed-stream/0.0.5
npm http GET http://registry.npmjs.org/graceful-fs
npm http 304 http://registry.npmjs.org/graceful-fs
npm http GET http://registry.npmjs.org/delayed-stream/-/delayed-stream-0.0.5.tgz
npm http 200 http://registry.npmjs.org/delayed-stream/-/delayed-stream-0.0.5.tgz
npm http GET http://registry.npmjs.org/fstream
npm http GET http://registry.npmjs.org/inherits
npm http GET http://registry.npmjs.org/block-stream
npm http 304 http://registry.npmjs.org/fstream
npm http 304 http://registry.npmjs.org/block-stream
npm http 304 http://registry.npmjs.org/inherits
npm http GET http://registry.npmjs.org/sntp
npm http GET http://registry.npmjs.org/boom
npm http GET http://registry.npmjs.org/cryptiles
npm http 304 http://registry.npmjs.org/cryptiles
npm http 304 http://registry.npmjs.org/sntp
npm http 304 http://registry.npmjs.org/boom
npm http GET http://registry.npmjs.org/graceful-fs
npm http 304 http://registry.npmjs.org/graceful-fs
npm http GET http://registry.npmjs.org/delayed-stream/0.0.5
npm http 304 http://registry.npmjs.org/delayed-stream/0.0.5
npm http GET http://registry.npmjs.org/punycode
npm http 304 http://registry.npmjs.org/punycode
npm http GET http://registry.npmjs.org/inherits
npm http GET http://registry.npmjs.org/block-stream
npm http 304 http://registry.npmjs.org/inherits
npm http 304 http://registry.npmjs.org/block-stream
npm http GET http://registry.npmjs.org/graceful-fs
npm http 304 http://registry.npmjs.org/graceful-fs
npm http GET http://registry.npmjs.org/over
npm http GET http://registry.npmjs.org/slice-stream/0.0.0
npm http 200 http://registry.npmjs.org/slice-stream/0.0.0
npm http 200 http://registry.npmjs.org/over
npm http GET http://registry.npmjs.org/slice-stream/-/slice-stream-0.0.0.tgz
npm http GET http://registry.npmjs.org/over/-/over-0.0.5.tgz
npm http 200 http://registry.npmjs.org/over/-/over-0.0.5.tgz
npm http 200 http://registry.npmjs.org/slice-stream/-/slice-stream-0.0.0.tgz
npm http GET http://registry.npmjs.org/buffers
npm http 200 http://registry.npmjs.org/buffers
npm http GET http://registry.npmjs.org/buffers/-/buffers-0.1.1.tgz
npm http 200 http://registry.npmjs.org/buffers/-/buffers-0.1.1.tgz
npm http GET http://registry.npmjs.org/string_decoder
npm http GET http://registry.npmjs.org/delayed-stream/0.0.5
npm http 304 http://registry.npmjs.org/string_decoder
npm http 304 http://registry.npmjs.org/delayed-stream/0.0.5
npm http GET http://registry.npmjs.org/chainsaw
npm http 200 http://registry.npmjs.org/chainsaw
npm http GET http://registry.npmjs.org/chainsaw/-/chainsaw-0.1.0.tgz
npm http 200 http://registry.npmjs.org/chainsaw/-/chainsaw-0.1.0.tgz
npm http GET http://registry.npmjs.org/hoek
npm http GET http://registry.npmjs.org/boom
npm http GET http://registry.npmjs.org/cryptiles
npm http GET http://registry.npmjs.org/sntp
npm http 304 http://registry.npmjs.org/cryptiles
npm http 304 http://registry.npmjs.org/hoek
npm http 304 http://registry.npmjs.org/boom
npm http 304 http://registry.npmjs.org/sntp
npm http GET http://registry.npmjs.org/punycode
npm http 304 http://registry.npmjs.org/punycode
npm http GET http://registry.npmjs.org/traverse
npm http 200 http://registry.npmjs.org/traverse
npm http GET http://registry.npmjs.org/traverse/-/traverse-0.3.9.tgz
npm http 200 http://registry.npmjs.org/traverse/-/traverse-0.3.9.tgz
npm http GET http://registry.npmjs.org/lodash
npm http GET http://registry.npmjs.org/osenv/0.0.3
npm http GET http://registry.npmjs.org/graceful-fs
npm http GET http://registry.npmjs.org/js-yaml
npm http 304 http://registry.npmjs.org/lodash
npm http 304 http://registry.npmjs.org/graceful-fs
npm http 304 http://registry.npmjs.org/osenv/0.0.3
npm http 304 http://registry.npmjs.org/js-yaml
npm http GET http://registry.npmjs.org/has-color
npm http GET http://registry.npmjs.org/ansi-styles
npm http 304 http://registry.npmjs.org/has-color
npm http 304 http://registry.npmjs.org/ansi-styles
npm http GET http://registry.npmjs.org/lodash/-/lodash-2.4.1.tgz
npm http GET http://registry.npmjs.org/js-yaml/-/js-yaml-2.1.3.tgz
npm http 200 http://registry.npmjs.org/js-yaml/-/js-yaml-2.1.3.tgz
npm http 200 http://registry.npmjs.org/lodash/-/lodash-2.4.1.tgz
npm http GET http://registry.npmjs.org/cryptiles
npm http GET http://registry.npmjs.org/sntp
npm http GET http://registry.npmjs.org/hoek
npm http GET http://registry.npmjs.org/boom
npm http 304 http://registry.npmjs.org/cryptiles
npm http 304 http://registry.npmjs.org/sntp
npm http 304 http://registry.npmjs.org/boom
npm http 304 http://registry.npmjs.org/hoek
npm http GET http://registry.npmjs.org/aws-sign
npm http GET http://registry.npmjs.org/cookie-jar
npm http GET http://registry.npmjs.org/http-signature
npm http GET http://registry.npmjs.org/tunnel-agent
npm http GET http://registry.npmjs.org/hawk
npm http GET http://registry.npmjs.org/oauth-sign
npm http GET http://registry.npmjs.org/node-uuid
npm http GET http://registry.npmjs.org/mime
npm http GET http://registry.npmjs.org/form-data
npm http GET http://registry.npmjs.org/qs
npm http GET http://registry.npmjs.org/json-stringify-safe
npm http GET http://registry.npmjs.org/forever-agent
npm http 200 http://registry.npmjs.org/aws-sign
npm http 304 http://registry.npmjs.org/hawk
npm http GET http://registry.npmjs.org/aws-sign/-/aws-sign-0.3.0.tgz
npm http 304 http://registry.npmjs.org/http-signature
npm http 200 http://registry.npmjs.org/cookie-jar
npm http 304 http://registry.npmjs.org/tunnel-agent
npm http GET http://registry.npmjs.org/cookie-jar/-/cookie-jar-0.3.0.tgz
npm http 304 http://registry.npmjs.org/oauth-sign
npm http 304 http://registry.npmjs.org/node-uuid
npm http 200 http://registry.npmjs.org/aws-sign/-/aws-sign-0.3.0.tgz
npm http 304 http://registry.npmjs.org/mime
npm http 304 http://registry.npmjs.org/form-data
npm http 200 http://registry.npmjs.org/cookie-jar/-/cookie-jar-0.3.0.tgz
npm http 304 http://registry.npmjs.org/qs
npm http 304 http://registry.npmjs.org/json-stringify-safe
npm http 304 http://registry.npmjs.org/forever-agent
npm http GET http://registry.npmjs.org/combined-stream
npm http GET http://registry.npmjs.org/assert-plus/0.1.2
npm http GET http://registry.npmjs.org/asn1/0.1.11
npm http GET http://registry.npmjs.org/ctype/0.5.2
npm http 304 http://registry.npmjs.org/combined-stream
npm http 304 http://registry.npmjs.org/assert-plus/0.1.2
npm http 304 http://registry.npmjs.org/asn1/0.1.11
npm http 304 http://registry.npmjs.org/ctype/0.5.2
npm http GET http://registry.npmjs.org/delayed-stream/0.0.5
npm http 304 http://registry.npmjs.org/delayed-stream/0.0.5
npm http GET http://registry.npmjs.org/sntp
npm http GET http://registry.npmjs.org/hoek
npm http GET http://registry.npmjs.org/boom
npm http GET http://registry.npmjs.org/cryptiles
npm http 304 http://registry.npmjs.org/sntp
npm http 304 http://registry.npmjs.org/cryptiles
npm http 304 http://registry.npmjs.org/hoek
npm http 304 http://registry.npmjs.org/boom
npm http GET http://registry.npmjs.org/argparse
npm http GET http://registry.npmjs.org/esprima
npm http 304 http://registry.npmjs.org/esprima
npm http 304 http://registry.npmjs.org/argparse
npm http GET http://registry.npmjs.org/underscore
npm http GET http://registry.npmjs.org/underscore.string
npm http 304 http://registry.npmjs.org/underscore
npm http 304 http://registry.npmjs.org/underscore.string
